<?xml version="1.0" encoding="UTF-8"?>
<!-- Generated by org.testng.reporters.JUnitReportReporter -->
<testsuite hostname="QSIH-00493" name="com.pp.tests.LoginPageTest" tests="5" failures="0" timestamp="4 Jan 2016 16:45:47 GMT" time="40.787" errors="0">
  <testcase name="clickOnNeedHelpWithyourUsernamePassLink" time="5.274" classname="com.pp.tests.LoginPageTest"/>
  <testcase name="verifyAllReadyMembersElements" time="0.047" classname="com.pp.tests.LoginPageTest"/>
  <testcase name="clickOnLoginWithInvalidUsernameAndPassword" time="12.402" classname="com.pp.tests.LoginPageTest"/>
  <testcase name="clickOnLoginWithValidCredentials" time="17.309" classname="com.pp.tests.LoginPageTest"/>
  <testcase name="verifyIamNewHereTestCase" time="5.755" classname="com.pp.tests.LoginPageTest"/>
</testsuite> <!-- com.pp.tests.LoginPageTest -->
