<?xml version="1.0" encoding="UTF-8"?>
<!-- Generated by org.testng.reporters.JUnitReportReporter -->
<testsuite hostname="QSIH-00268" name="com.pp.tests.LoginPage_PPTest" tests="2" failures="0" timestamp="11 Oct 2015 13:24:52 GMT" time="0.193" errors="0">
  <testcase name="verifyLoginPageTitle" time="0.022" classname="com.pp.tests.LoginPage_PPTest"/>
  <testcase name="verifyTextOnLoginPage" time="0.171" classname="com.pp.tests.LoginPage_PPTest"/>
</testsuite> <!-- com.pp.tests.LoginPage_PPTest -->
