<?xml version="1.0" encoding="UTF-8"?>
<!-- Generated by org.testng.reporters.JUnitReportReporter -->
<testsuite hostname="QSIH-00493" name="com.pp.tests.LoginPageTest" tests="6" failures="1" timestamp="14 Dec 2015 11:41:33 GMT" time="80.397" errors="0">
  <testcase name="clickOnNeedHelpWithyourUsernamePassLink" time="4.367" classname="com.pp.tests.LoginPageTest"/>
  <testcase name="verifyIamNewHereTestCase" time="4.834" classname="com.pp.tests.LoginPageTest"/>
  <testcase name="clickOnLoginWithValidCredentials" time="11.830" classname="com.pp.tests.LoginPageTest"/>
  <testcase name="clickOnLoginWithInvalidUsernameAndPassword" time="11.923" classname="com.pp.tests.LoginPageTest"/>
  <testcase name="verifyAllReadyMembersElements" time="0.054" classname="com.pp.tests.LoginPageTest"/>
  <testcase name="clickOnLoginWithvalidUsernameAndInvalidPasswordAndVerifyWarningMessage" time="47.389" classname="com.pp.tests.LoginPageTest">
    <failure type="java.lang.AssertionError" message="Warning Message Text is Missing expected [true] but found [false]">
      <![CDATA[java.lang.AssertionError: Warning Message Text is Missing expected [true] but found [false]
	at org.testng.Assert.fail(Assert.java:94)
	at org.testng.Assert.failNotEquals(Assert.java:496)
	at org.testng.Assert.assertTrue(Assert.java:42)
	at com.pp.pages.LoginPage.verifyWarningMessageHeader(LoginPage.java:466)
	at com.pp.tests.LoginPageTest.clickOnLoginWithvalidUsernameAndInvalidPasswordAndVerifyWarningMessage(LoginPageTest.java:177)
	at sun.reflect.NativeMethodAccessorImpl.invoke0(Native Method)
	at sun.reflect.NativeMethodAccessorImpl.invoke(Unknown Source)
	at sun.reflect.DelegatingMethodAccessorImpl.invoke(Unknown Source)
	at java.lang.reflect.Method.invoke(Unknown Source)
	at org.testng.internal.MethodInvocationHelper.invokeMethod(MethodInvocationHelper.java:85)
	at org.testng.internal.Invoker.invokeMethod(Invoker.java:659)
	at org.testng.internal.Invoker.invokeTestMethod(Invoker.java:845)
	at org.testng.internal.Invoker.invokeTestMethods(Invoker.java:1153)
	at org.testng.internal.TestMethodWorker.invokeTestMethods(TestMethodWorker.java:125)
	at org.testng.internal.TestMethodWorker.run(TestMethodWorker.java:108)
	at org.testng.TestRunner.privateRun(TestRunner.java:771)
	at org.testng.TestRunner.run(TestRunner.java:621)
	at org.testng.SuiteRunner.runTest(SuiteRunner.java:357)
	at org.testng.SuiteRunner.runSequentially(SuiteRunner.java:352)
	at org.testng.SuiteRunner.privateRun(SuiteRunner.java:310)
	at org.testng.SuiteRunner.run(SuiteRunner.java:259)
	at org.testng.SuiteRunnerWorker.runSuite(SuiteRunnerWorker.java:52)
	at org.testng.SuiteRunnerWorker.run(SuiteRunnerWorker.java:86)
	at org.testng.TestNG.runSuitesSequentially(TestNG.java:1199)
	at org.testng.TestNG.runSuitesLocally(TestNG.java:1124)
	at org.testng.TestNG.run(TestNG.java:1032)
	at org.testng.remote.RemoteTestNG.run(RemoteTestNG.java:111)
	at org.testng.remote.RemoteTestNG.initAndRun(RemoteTestNG.java:204)
	at org.testng.remote.RemoteTestNG.main(RemoteTestNG.java:175)
]]>
    </failure>
  </testcase> <!-- clickOnLoginWithvalidUsernameAndInvalidPasswordAndVerifyWarningMessage -->
</testsuite> <!-- com.pp.tests.LoginPageTest -->
