<?xml version="1.0" encoding="UTF-8"?>
<!-- Generated by org.testng.reporters.JUnitReportReporter -->
<testsuite hostname="QSIH-00493" name="com.pp.tests.LoginPageTest" tests="1" failures="0" timestamp="18 Nov 2015 18:10:52 GMT" time="18.514" errors="0">
  <testcase name="clickOnLoginWithValidCredentials" time="18.514" classname="com.pp.tests.LoginPageTest"/>
</testsuite> <!-- com.pp.tests.LoginPageTest -->
