<?xml version="1.0" encoding="UTF-8"?>
<!-- Generated by org.testng.reporters.JUnitReportReporter -->
<testsuite hostname="QSIH-00493" name="com.pp.tests.LoginPageTest" tests="5" failures="0" timestamp="19 Mar 2016 11:01:03 GMT" time="0.004" errors="5">
  <testcase name="clickOnNeedHelpWithyourUsernamePassLink" time="0.001" classname="com.pp.tests.LoginPageTest">
    <error type="org.openqa.selenium.WebDriverException" message="Failed to connect to binary FirefoxBinary(C:\Program Files (x86)\Mozilla Firefox\firefox.exe) on port 7055; process output follows: 
8597	addons.xpi	DEBUG	getModTime: Recursive scan of {972ce4c6-7e08-4474-a285-3208198ce6fd}
1458385218597	addons.xpi	DEBUG	Updating XPIState for {&quot;id&quot;:&quot;adapter@gingersoftware.com&quot;,&quot;syncGUID&quot;:&quot;oWMpr-PcJzdZ&quot;,&quot;location&quot;:&quot;winreg-app-global&quot;,&quot;version&quot;:&quot;0.1&quot;,&quot;type&quot;:&quot;extension&quot;,&quot;internalName&quot;:null,&quot;updateURL&quot;:&quot;&quot;,&quot;updateKey&quot;:null,&quot;optionsURL&quot;:null,&quot;optionsType&quot;:null,&quot;aboutURL&quot;:&quot;chrome://ginger/content/about.xul&quot;,&quot;icons&quot;:{},&quot;iconURL&quot;:&quot;chrome://ginger/skin/gingers.png&quot;,&quot;icon64URL&quot;:null,&quot;defaultLocale&quot;:{&quot;name&quot;:&quot;Ginger&quot;,&quot;description&quot;:&quot;&quot;,&quot;creator&quot;:&quot;Ginger Software&quot;,&quot;homepageURL&quot;:&quot;http://www.gingersoftware.com&quot;,&quot;contributors&quot;:[&quot;&quot;]},&quot;visible&quot;:true,&quot;active&quot;:false,&quot;userDisabled&quot;:true,&quot;appDisabled&quot;:false,&quot;descriptor&quot;:&quot;C:\\Program Files (x86)\\Ginger\\Mozilla\\adapter@gingersoftware.com&quot;,&quot;installDate&quot;:1439370523321,&quot;updateDate&quot;:1439370523321,&quot;applyBackgroundUpdates&quot;:1,&quot;bootstrap&quot;:false,&quot;skinnable&quot;:false,&quot;size&quot;:66671,&quot;sourceURI&quot;:null,&quot;releaseNotesURI&quot;:null,&quot;softDisabled&quot;:false,&quot;foreignInstall&quot;:true,&quot;hasBinaryComponents&quot;:false,&quot;strictCompatibility&quot;:false,&quot;locales&quot;:[],&quot;targetApplications&quot;:[{&quot;id&quot;:&quot;{ec8030f7-c20a-464f-9b0e-13a3a9e97384}&quot;,&quot;minVersion&quot;:&quot;0.7&quot;,&quot;maxVersion&quot;:&quot;9.9&quot;}],&quot;targetPlatforms&quot;:[],&quot;multiprocessCompatible&quot;:false,&quot;signedState&quot;:0,&quot;seen&quot;:true}
1458385218598	DeferredSave.extensions.json	DEBUG	Save changes
1458385218598	addons.xpi	DEBUG	Updating database with changes to installed add-ons
1458385218598	addons.xpi-utils	DEBUG	Updating add-on states
1458385218598	addons.xpi-utils	DEBUG	Writing add-ons list
1458385218601	addons.xpi	DEBUG	Registering manifest for C:\Program Files (x86)\Mozilla Firefox\browser\features\loop@mozilla.org.xpi
1458385218601	addons.xpi	DEBUG	Calling bootstrap method startup on loop@mozilla.org version 0.1
1458385218613	addons.manager	DEBUG	Starting provider: &lt;unnamed-provider&gt;
1458385218613	addons.manager	DEBUG	Registering shutdown blocker for &lt;unnamed-provider&gt;
1458385218613	addons.manager	DEBUG	Provider finished startup: &lt;unnamed-provider&gt;
1458385218626	addons.manager	DEBUG	Registering shutdown blocker for XPIProvider
1458385218626	addons.manager	DEBUG	Provider finished startup: XPIProvider
1458385218626	addons.manager	DEBUG	Starting provider: LightweightThemeManager
1458385218626	addons.manager	DEBUG	Registering shutdown blocker for LightweightThemeManager
1458385218626	addons.manager	DEBUG	Provider finished startup: LightweightThemeManager
1458385218626	addons.manager	DEBUG	Starting provider: GMPProvider
1458385218631	addons.manager	DEBUG	Registering shutdown blocker for GMPProvider
1458385218631	addons.manager	DEBUG	Provider finished startup: GMPProvider
1458385218631	addons.manager	DEBUG	Starting provider: PluginProvider
1458385218631	addons.manager	DEBUG	Registering shutdown blocker for PluginProvider
1458385218631	addons.manager	DEBUG	Provider finished startup: PluginProvider
1458385218631	addons.manager	DEBUG	Completed startup sequence
Crash Annotation GraphicsCriticalError: |[0][GFX1-]: PossiblyBrokenSurfaceSharing_UnexpectedAMDGPU[GFX1-]: PossiblyBrokenSurfaceSharing_UnexpectedAMDGPU
Crash Annotation GraphicsCriticalError: |[0][GFX1-]: PossiblyBrokenSurfaceSharing_UnexpectedAMDGPU|[1][GFX1-]: PossiblyBrokenSurfaceSharing_UnexpectedAMDGPU[GFX1-]: PossiblyBrokenSurfaceSharing_UnexpectedAMDGPU
1458385218999	DeferredSave.extensions.json	DEBUG	Starting write
1458385219221	addons.repository	DEBUG	No addons.json found.
1458385219221	DeferredSave.addons.json	DEBUG	Save changes
1458385219222	DeferredSave.addons.json	DEBUG	Starting timer
1458385219251	addons.manager	DEBUG	Starting provider: PreviousExperimentProvider
1458385219251	addons.manager	DEBUG	Registering shutdown blocker for PreviousExperimentProvider
1458385219252	addons.manager	DEBUG	Provider finished startup: PreviousExperimentProvider
1458385219269	DeferredSave.extensions.json	DEBUG	Write succeeded
1458385219270	addons.xpi-utils	DEBUG	XPI Database saved, setting schema version preference to 17
1458385219276	DeferredSave.addons.json	DEBUG	Starting write
1458385219300	DeferredSave.addons.json	DEBUG	Write succeeded

Build info: version: &#039;2.50.1&#039;, revision: &#039;d7fc91b29de65b790abb01f3ac5f7ea2191c88a7&#039;, time: &#039;2016-01-29 11:11:26&#039;
System info: host: &#039;QSIH-00493&#039;, ip: &#039;172.70.139.202&#039;, os.name: &#039;Windows 7&#039;, os.arch: &#039;amd64&#039;, os.version: &#039;6.1&#039;, java.version: &#039;1.8.0_65&#039;
Driver info: driver.version: FirefoxDriver">
      <![CDATA[org.openqa.selenium.WebDriverException: Failed to connect to binary FirefoxBinary(C:\Program Files (x86)\Mozilla Firefox\firefox.exe) on port 7055; process output follows: 
8597	addons.xpi	DEBUG	getModTime: Recursive scan of {972ce4c6-7e08-4474-a285-3208198ce6fd}
1458385218597	addons.xpi	DEBUG	Updating XPIState for {"id":"adapter@gingersoftware.com","syncGUID":"oWMpr-PcJzdZ","location":"winreg-app-global","version":"0.1","type":"extension","internalName":null,"updateURL":"","updateKey":null,"optionsURL":null,"optionsType":null,"aboutURL":"chrome://ginger/content/about.xul","icons":{},"iconURL":"chrome://ginger/skin/gingers.png","icon64URL":null,"defaultLocale":{"name":"Ginger","description":"","creator":"Ginger Software","homepageURL":"http://www.gingersoftware.com","contributors":[""]},"visible":true,"active":false,"userDisabled":true,"appDisabled":false,"descriptor":"C:\\Program Files (x86)\\Ginger\\Mozilla\\adapter@gingersoftware.com","installDate":1439370523321,"updateDate":1439370523321,"applyBackgroundUpdates":1,"bootstrap":false,"skinnable":false,"size":66671,"sourceURI":null,"releaseNotesURI":null,"softDisabled":false,"foreignInstall":true,"hasBinaryComponents":false,"strictCompatibility":false,"locales":[],"targetApplications":[{"id":"{ec8030f7-c20a-464f-9b0e-13a3a9e97384}","minVersion":"0.7","maxVersion":"9.9"}],"targetPlatforms":[],"multiprocessCompatible":false,"signedState":0,"seen":true}
1458385218598	DeferredSave.extensions.json	DEBUG	Save changes
1458385218598	addons.xpi	DEBUG	Updating database with changes to installed add-ons
1458385218598	addons.xpi-utils	DEBUG	Updating add-on states
1458385218598	addons.xpi-utils	DEBUG	Writing add-ons list
1458385218601	addons.xpi	DEBUG	Registering manifest for C:\Program Files (x86)\Mozilla Firefox\browser\features\loop@mozilla.org.xpi
1458385218601	addons.xpi	DEBUG	Calling bootstrap method startup on loop@mozilla.org version 0.1
1458385218613	addons.manager	DEBUG	Starting provider: <unnamed-provider>
1458385218613	addons.manager	DEBUG	Registering shutdown blocker for <unnamed-provider>
1458385218613	addons.manager	DEBUG	Provider finished startup: <unnamed-provider>
1458385218626	addons.manager	DEBUG	Registering shutdown blocker for XPIProvider
1458385218626	addons.manager	DEBUG	Provider finished startup: XPIProvider
1458385218626	addons.manager	DEBUG	Starting provider: LightweightThemeManager
1458385218626	addons.manager	DEBUG	Registering shutdown blocker for LightweightThemeManager
1458385218626	addons.manager	DEBUG	Provider finished startup: LightweightThemeManager
1458385218626	addons.manager	DEBUG	Starting provider: GMPProvider
1458385218631	addons.manager	DEBUG	Registering shutdown blocker for GMPProvider
1458385218631	addons.manager	DEBUG	Provider finished startup: GMPProvider
1458385218631	addons.manager	DEBUG	Starting provider: PluginProvider
1458385218631	addons.manager	DEBUG	Registering shutdown blocker for PluginProvider
1458385218631	addons.manager	DEBUG	Provider finished startup: PluginProvider
1458385218631	addons.manager	DEBUG	Completed startup sequence
Crash Annotation GraphicsCriticalError: |[0][GFX1-]: PossiblyBrokenSurfaceSharing_UnexpectedAMDGPU[GFX1-]: PossiblyBrokenSurfaceSharing_UnexpectedAMDGPU
Crash Annotation GraphicsCriticalError: |[0][GFX1-]: PossiblyBrokenSurfaceSharing_UnexpectedAMDGPU|[1][GFX1-]: PossiblyBrokenSurfaceSharing_UnexpectedAMDGPU[GFX1-]: PossiblyBrokenSurfaceSharing_UnexpectedAMDGPU
1458385218999	DeferredSave.extensions.json	DEBUG	Starting write
1458385219221	addons.repository	DEBUG	No addons.json found.
1458385219221	DeferredSave.addons.json	DEBUG	Save changes
1458385219222	DeferredSave.addons.json	DEBUG	Starting timer
1458385219251	addons.manager	DEBUG	Starting provider: PreviousExperimentProvider
1458385219251	addons.manager	DEBUG	Registering shutdown blocker for PreviousExperimentProvider
1458385219252	addons.manager	DEBUG	Provider finished startup: PreviousExperimentProvider
1458385219269	DeferredSave.extensions.json	DEBUG	Write succeeded
1458385219270	addons.xpi-utils	DEBUG	XPI Database saved, setting schema version preference to 17
1458385219276	DeferredSave.addons.json	DEBUG	Starting write
1458385219300	DeferredSave.addons.json	DEBUG	Write succeeded

Build info: version: '2.50.1', revision: 'd7fc91b29de65b790abb01f3ac5f7ea2191c88a7', time: '2016-01-29 11:11:26'
System info: host: 'QSIH-00493', ip: '172.70.139.202', os.name: 'Windows 7', os.arch: 'amd64', os.version: '6.1', java.version: '1.8.0_65'
Driver info: driver.version: FirefoxDriver
	at org.openqa.selenium.firefox.internal.NewProfileExtensionConnection.start(NewProfileExtensionConnection.java:135)
	at org.openqa.selenium.firefox.FirefoxDriver.startClient(FirefoxDriver.java:271)
	at org.openqa.selenium.remote.RemoteWebDriver.<init>(RemoteWebDriver.java:119)
	at org.openqa.selenium.firefox.FirefoxDriver.<init>(FirefoxDriver.java:216)
	at org.openqa.selenium.firefox.FirefoxDriver.<init>(FirefoxDriver.java:211)
	at org.openqa.selenium.firefox.FirefoxDriver.<init>(FirefoxDriver.java:207)
	at org.openqa.selenium.firefox.FirefoxDriver.<init>(FirefoxDriver.java:120)
	at com.pp.util.BaseTestObject.setup(BaseTestObject.java:91)
	at sun.reflect.NativeMethodAccessorImpl.invoke0(Native Method)
	at sun.reflect.NativeMethodAccessorImpl.invoke(NativeMethodAccessorImpl.java:62)
	at sun.reflect.DelegatingMethodAccessorImpl.invoke(DelegatingMethodAccessorImpl.java:43)
	at java.lang.reflect.Method.invoke(Method.java:497)
	at org.testng.internal.MethodInvocationHelper.invokeMethod(MethodInvocationHelper.java:85)
	at org.testng.internal.Invoker.invokeConfigurationMethod(Invoker.java:517)
	at org.testng.internal.Invoker.invokeConfigurations(Invoker.java:213)
	at org.testng.internal.Invoker.invokeConfigurations(Invoker.java:140)
	at org.testng.internal.TestMethodWorker.invokeBeforeClassMethods(TestMethodWorker.java:170)
	at org.testng.internal.TestMethodWorker.run(TestMethodWorker.java:104)
	at org.testng.TestRunner.privateRun(TestRunner.java:771)
	at org.testng.TestRunner.run(TestRunner.java:621)
	at org.testng.SuiteRunner.runTest(SuiteRunner.java:357)
	at org.testng.SuiteRunner.runSequentially(SuiteRunner.java:352)
	at org.testng.SuiteRunner.privateRun(SuiteRunner.java:310)
	at org.testng.SuiteRunner.run(SuiteRunner.java:259)
	at org.testng.SuiteRunnerWorker.runSuite(SuiteRunnerWorker.java:52)
	at org.testng.SuiteRunnerWorker.run(SuiteRunnerWorker.java:86)
	at org.testng.TestNG.runSuitesSequentially(TestNG.java:1199)
	at org.testng.TestNG.runSuitesLocally(TestNG.java:1124)
	at org.testng.TestNG.run(TestNG.java:1032)
	at org.testng.remote.RemoteTestNG.run(RemoteTestNG.java:111)
	at org.testng.remote.RemoteTestNG.initAndRun(RemoteTestNG.java:204)
	at org.testng.remote.RemoteTestNG.main(RemoteTestNG.java:175)
Caused by: org.openqa.selenium.firefox.NotConnectedException: Unable to connect to host 127.0.0.1 on port 7055 after 45000 ms. Firefox console output:
8597	addons.xpi	DEBUG	getModTime: Recursive scan of {972ce4c6-7e08-4474-a285-3208198ce6fd}
1458385218597	addons.xpi	DEBUG	Updating XPIState for {"id":"adapter@gingersoftware.com","syncGUID":"oWMpr-PcJzdZ","location":"winreg-app-global","version":"0.1","type":"extension","internalName":null,"updateURL":"","updateKey":null,"optionsURL":null,"optionsType":null,"aboutURL":"chrome://ginger/content/about.xul","icons":{},"iconURL":"chrome://ginger/skin/gingers.png","icon64URL":null,"defaultLocale":{"name":"Ginger","description":"","creator":"Ginger Software","homepageURL":"http://www.gingersoftware.com","contributors":[""]},"visible":true,"active":false,"userDisabled":true,"appDisabled":false,"descriptor":"C:\\Program Files (x86)\\Ginger\\Mozilla\\adapter@gingersoftware.com","installDate":1439370523321,"updateDate":1439370523321,"applyBackgroundUpdates":1,"bootstrap":false,"skinnable":false,"size":66671,"sourceURI":null,"releaseNotesURI":null,"softDisabled":false,"foreignInstall":true,"hasBinaryComponents":false,"strictCompatibility":false,"locales":[],"targetApplications":[{"id":"{ec8030f7-c20a-464f-9b0e-13a3a9e97384}","minVersion":"0.7","maxVersion":"9.9"}],"targetPlatforms":[],"multiprocessCompatible":false,"signedState":0,"seen":true}
1458385218598	DeferredSave.extensions.json	DEBUG	Save changes
1458385218598	addons.xpi	DEBUG	Updating database with changes to installed add-ons
1458385218598	addons.xpi-utils	DEBUG	Updating add-on states
1458385218598	addons.xpi-utils	DEBUG	Writing add-ons list
1458385218601	addons.xpi	DEBUG	Registering manifest for C:\Program Files (x86)\Mozilla Firefox\browser\features\loop@mozilla.org.xpi
1458385218601	addons.xpi	DEBUG	Calling bootstrap method startup on loop@mozilla.org version 0.1
1458385218613	addons.manager	DEBUG	Starting provider: <unnamed-provider>
1458385218613	addons.manager	DEBUG	Registering shutdown blocker for <unnamed-provider>
1458385218613	addons.manager	DEBUG	Provider finished startup: <unnamed-provider>
1458385218626	addons.manager	DEBUG	Registering shutdown blocker for XPIProvider
1458385218626	addons.manager	DEBUG	Provider finished startup: XPIProvider
1458385218626	addons.manager	DEBUG	Starting provider: LightweightThemeManager
1458385218626	addons.manager	DEBUG	Registering shutdown blocker for LightweightThemeManager
1458385218626	addons.manager	DEBUG	Provider finished startup: LightweightThemeManager
1458385218626	addons.manager	DEBUG	Starting provider: GMPProvider
1458385218631	addons.manager	DEBUG	Registering shutdown blocker for GMPProvider
1458385218631	addons.manager	DEBUG	Provider finished startup: GMPProvider
1458385218631	addons.manager	DEBUG	Starting provider: PluginProvider
1458385218631	addons.manager	DEBUG	Registering shutdown blocker for PluginProvider
1458385218631	addons.manager	DEBUG	Provider finished startup: PluginProvider
1458385218631	addons.manager	DEBUG	Completed startup sequence
Crash Annotation GraphicsCriticalError: |[0][GFX1-]: PossiblyBrokenSurfaceSharing_UnexpectedAMDGPU[GFX1-]: PossiblyBrokenSurfaceSharing_UnexpectedAMDGPU
Crash Annotation GraphicsCriticalError: |[0][GFX1-]: PossiblyBrokenSurfaceSharing_UnexpectedAMDGPU|[1][GFX1-]: PossiblyBrokenSurfaceSharing_UnexpectedAMDGPU[GFX1-]: PossiblyBrokenSurfaceSharing_UnexpectedAMDGPU
1458385218999	DeferredSave.extensions.json	DEBUG	Starting write
1458385219221	addons.repository	DEBUG	No addons.json found.
1458385219221	DeferredSave.addons.json	DEBUG	Save changes
1458385219222	DeferredSave.addons.json	DEBUG	Starting timer
1458385219251	addons.manager	DEBUG	Starting provider: PreviousExperimentProvider
1458385219251	addons.manager	DEBUG	Registering shutdown blocker for PreviousExperimentProvider
1458385219252	addons.manager	DEBUG	Provider finished startup: PreviousExperimentProvider
1458385219269	DeferredSave.extensions.json	DEBUG	Write succeeded
1458385219270	addons.xpi-utils	DEBUG	XPI Database saved, setting schema version preference to 17
1458385219276	DeferredSave.addons.json	DEBUG	Starting write
1458385219300	DeferredSave.addons.json	DEBUG	Write succeeded

	at org.openqa.selenium.firefox.internal.NewProfileExtensionConnection.start(NewProfileExtensionConnection.java:123)
	... 31 more
]]>
    </error>
  </testcase> <!-- clickOnNeedHelpWithyourUsernamePassLink -->
  <testcase name="verifyIamNewHereTestCase" time="0.002" classname="com.pp.tests.LoginPageTest">
    <error type="org.openqa.selenium.WebDriverException" message="Failed to connect to binary FirefoxBinary(C:\Program Files (x86)\Mozilla Firefox\firefox.exe) on port 7055; process output follows: 
8597	addons.xpi	DEBUG	getModTime: Recursive scan of {972ce4c6-7e08-4474-a285-3208198ce6fd}
1458385218597	addons.xpi	DEBUG	Updating XPIState for {&quot;id&quot;:&quot;adapter@gingersoftware.com&quot;,&quot;syncGUID&quot;:&quot;oWMpr-PcJzdZ&quot;,&quot;location&quot;:&quot;winreg-app-global&quot;,&quot;version&quot;:&quot;0.1&quot;,&quot;type&quot;:&quot;extension&quot;,&quot;internalName&quot;:null,&quot;updateURL&quot;:&quot;&quot;,&quot;updateKey&quot;:null,&quot;optionsURL&quot;:null,&quot;optionsType&quot;:null,&quot;aboutURL&quot;:&quot;chrome://ginger/content/about.xul&quot;,&quot;icons&quot;:{},&quot;iconURL&quot;:&quot;chrome://ginger/skin/gingers.png&quot;,&quot;icon64URL&quot;:null,&quot;defaultLocale&quot;:{&quot;name&quot;:&quot;Ginger&quot;,&quot;description&quot;:&quot;&quot;,&quot;creator&quot;:&quot;Ginger Software&quot;,&quot;homepageURL&quot;:&quot;http://www.gingersoftware.com&quot;,&quot;contributors&quot;:[&quot;&quot;]},&quot;visible&quot;:true,&quot;active&quot;:false,&quot;userDisabled&quot;:true,&quot;appDisabled&quot;:false,&quot;descriptor&quot;:&quot;C:\\Program Files (x86)\\Ginger\\Mozilla\\adapter@gingersoftware.com&quot;,&quot;installDate&quot;:1439370523321,&quot;updateDate&quot;:1439370523321,&quot;applyBackgroundUpdates&quot;:1,&quot;bootstrap&quot;:false,&quot;skinnable&quot;:false,&quot;size&quot;:66671,&quot;sourceURI&quot;:null,&quot;releaseNotesURI&quot;:null,&quot;softDisabled&quot;:false,&quot;foreignInstall&quot;:true,&quot;hasBinaryComponents&quot;:false,&quot;strictCompatibility&quot;:false,&quot;locales&quot;:[],&quot;targetApplications&quot;:[{&quot;id&quot;:&quot;{ec8030f7-c20a-464f-9b0e-13a3a9e97384}&quot;,&quot;minVersion&quot;:&quot;0.7&quot;,&quot;maxVersion&quot;:&quot;9.9&quot;}],&quot;targetPlatforms&quot;:[],&quot;multiprocessCompatible&quot;:false,&quot;signedState&quot;:0,&quot;seen&quot;:true}
1458385218598	DeferredSave.extensions.json	DEBUG	Save changes
1458385218598	addons.xpi	DEBUG	Updating database with changes to installed add-ons
1458385218598	addons.xpi-utils	DEBUG	Updating add-on states
1458385218598	addons.xpi-utils	DEBUG	Writing add-ons list
1458385218601	addons.xpi	DEBUG	Registering manifest for C:\Program Files (x86)\Mozilla Firefox\browser\features\loop@mozilla.org.xpi
1458385218601	addons.xpi	DEBUG	Calling bootstrap method startup on loop@mozilla.org version 0.1
1458385218613	addons.manager	DEBUG	Starting provider: &lt;unnamed-provider&gt;
1458385218613	addons.manager	DEBUG	Registering shutdown blocker for &lt;unnamed-provider&gt;
1458385218613	addons.manager	DEBUG	Provider finished startup: &lt;unnamed-provider&gt;
1458385218626	addons.manager	DEBUG	Registering shutdown blocker for XPIProvider
1458385218626	addons.manager	DEBUG	Provider finished startup: XPIProvider
1458385218626	addons.manager	DEBUG	Starting provider: LightweightThemeManager
1458385218626	addons.manager	DEBUG	Registering shutdown blocker for LightweightThemeManager
1458385218626	addons.manager	DEBUG	Provider finished startup: LightweightThemeManager
1458385218626	addons.manager	DEBUG	Starting provider: GMPProvider
1458385218631	addons.manager	DEBUG	Registering shutdown blocker for GMPProvider
1458385218631	addons.manager	DEBUG	Provider finished startup: GMPProvider
1458385218631	addons.manager	DEBUG	Starting provider: PluginProvider
1458385218631	addons.manager	DEBUG	Registering shutdown blocker for PluginProvider
1458385218631	addons.manager	DEBUG	Provider finished startup: PluginProvider
1458385218631	addons.manager	DEBUG	Completed startup sequence
Crash Annotation GraphicsCriticalError: |[0][GFX1-]: PossiblyBrokenSurfaceSharing_UnexpectedAMDGPU[GFX1-]: PossiblyBrokenSurfaceSharing_UnexpectedAMDGPU
Crash Annotation GraphicsCriticalError: |[0][GFX1-]: PossiblyBrokenSurfaceSharing_UnexpectedAMDGPU|[1][GFX1-]: PossiblyBrokenSurfaceSharing_UnexpectedAMDGPU[GFX1-]: PossiblyBrokenSurfaceSharing_UnexpectedAMDGPU
1458385218999	DeferredSave.extensions.json	DEBUG	Starting write
1458385219221	addons.repository	DEBUG	No addons.json found.
1458385219221	DeferredSave.addons.json	DEBUG	Save changes
1458385219222	DeferredSave.addons.json	DEBUG	Starting timer
1458385219251	addons.manager	DEBUG	Starting provider: PreviousExperimentProvider
1458385219251	addons.manager	DEBUG	Registering shutdown blocker for PreviousExperimentProvider
1458385219252	addons.manager	DEBUG	Provider finished startup: PreviousExperimentProvider
1458385219269	DeferredSave.extensions.json	DEBUG	Write succeeded
1458385219270	addons.xpi-utils	DEBUG	XPI Database saved, setting schema version preference to 17
1458385219276	DeferredSave.addons.json	DEBUG	Starting write
1458385219300	DeferredSave.addons.json	DEBUG	Write succeeded

Build info: version: &#039;2.50.1&#039;, revision: &#039;d7fc91b29de65b790abb01f3ac5f7ea2191c88a7&#039;, time: &#039;2016-01-29 11:11:26&#039;
System info: host: &#039;QSIH-00493&#039;, ip: &#039;172.70.139.202&#039;, os.name: &#039;Windows 7&#039;, os.arch: &#039;amd64&#039;, os.version: &#039;6.1&#039;, java.version: &#039;1.8.0_65&#039;
Driver info: driver.version: FirefoxDriver">
      <![CDATA[org.openqa.selenium.WebDriverException: Failed to connect to binary FirefoxBinary(C:\Program Files (x86)\Mozilla Firefox\firefox.exe) on port 7055; process output follows: 
8597	addons.xpi	DEBUG	getModTime: Recursive scan of {972ce4c6-7e08-4474-a285-3208198ce6fd}
1458385218597	addons.xpi	DEBUG	Updating XPIState for {"id":"adapter@gingersoftware.com","syncGUID":"oWMpr-PcJzdZ","location":"winreg-app-global","version":"0.1","type":"extension","internalName":null,"updateURL":"","updateKey":null,"optionsURL":null,"optionsType":null,"aboutURL":"chrome://ginger/content/about.xul","icons":{},"iconURL":"chrome://ginger/skin/gingers.png","icon64URL":null,"defaultLocale":{"name":"Ginger","description":"","creator":"Ginger Software","homepageURL":"http://www.gingersoftware.com","contributors":[""]},"visible":true,"active":false,"userDisabled":true,"appDisabled":false,"descriptor":"C:\\Program Files (x86)\\Ginger\\Mozilla\\adapter@gingersoftware.com","installDate":1439370523321,"updateDate":1439370523321,"applyBackgroundUpdates":1,"bootstrap":false,"skinnable":false,"size":66671,"sourceURI":null,"releaseNotesURI":null,"softDisabled":false,"foreignInstall":true,"hasBinaryComponents":false,"strictCompatibility":false,"locales":[],"targetApplications":[{"id":"{ec8030f7-c20a-464f-9b0e-13a3a9e97384}","minVersion":"0.7","maxVersion":"9.9"}],"targetPlatforms":[],"multiprocessCompatible":false,"signedState":0,"seen":true}
1458385218598	DeferredSave.extensions.json	DEBUG	Save changes
1458385218598	addons.xpi	DEBUG	Updating database with changes to installed add-ons
1458385218598	addons.xpi-utils	DEBUG	Updating add-on states
1458385218598	addons.xpi-utils	DEBUG	Writing add-ons list
1458385218601	addons.xpi	DEBUG	Registering manifest for C:\Program Files (x86)\Mozilla Firefox\browser\features\loop@mozilla.org.xpi
1458385218601	addons.xpi	DEBUG	Calling bootstrap method startup on loop@mozilla.org version 0.1
1458385218613	addons.manager	DEBUG	Starting provider: <unnamed-provider>
1458385218613	addons.manager	DEBUG	Registering shutdown blocker for <unnamed-provider>
1458385218613	addons.manager	DEBUG	Provider finished startup: <unnamed-provider>
1458385218626	addons.manager	DEBUG	Registering shutdown blocker for XPIProvider
1458385218626	addons.manager	DEBUG	Provider finished startup: XPIProvider
1458385218626	addons.manager	DEBUG	Starting provider: LightweightThemeManager
1458385218626	addons.manager	DEBUG	Registering shutdown blocker for LightweightThemeManager
1458385218626	addons.manager	DEBUG	Provider finished startup: LightweightThemeManager
1458385218626	addons.manager	DEBUG	Starting provider: GMPProvider
1458385218631	addons.manager	DEBUG	Registering shutdown blocker for GMPProvider
1458385218631	addons.manager	DEBUG	Provider finished startup: GMPProvider
1458385218631	addons.manager	DEBUG	Starting provider: PluginProvider
1458385218631	addons.manager	DEBUG	Registering shutdown blocker for PluginProvider
1458385218631	addons.manager	DEBUG	Provider finished startup: PluginProvider
1458385218631	addons.manager	DEBUG	Completed startup sequence
Crash Annotation GraphicsCriticalError: |[0][GFX1-]: PossiblyBrokenSurfaceSharing_UnexpectedAMDGPU[GFX1-]: PossiblyBrokenSurfaceSharing_UnexpectedAMDGPU
Crash Annotation GraphicsCriticalError: |[0][GFX1-]: PossiblyBrokenSurfaceSharing_UnexpectedAMDGPU|[1][GFX1-]: PossiblyBrokenSurfaceSharing_UnexpectedAMDGPU[GFX1-]: PossiblyBrokenSurfaceSharing_UnexpectedAMDGPU
1458385218999	DeferredSave.extensions.json	DEBUG	Starting write
1458385219221	addons.repository	DEBUG	No addons.json found.
1458385219221	DeferredSave.addons.json	DEBUG	Save changes
1458385219222	DeferredSave.addons.json	DEBUG	Starting timer
1458385219251	addons.manager	DEBUG	Starting provider: PreviousExperimentProvider
1458385219251	addons.manager	DEBUG	Registering shutdown blocker for PreviousExperimentProvider
1458385219252	addons.manager	DEBUG	Provider finished startup: PreviousExperimentProvider
1458385219269	DeferredSave.extensions.json	DEBUG	Write succeeded
1458385219270	addons.xpi-utils	DEBUG	XPI Database saved, setting schema version preference to 17
1458385219276	DeferredSave.addons.json	DEBUG	Starting write
1458385219300	DeferredSave.addons.json	DEBUG	Write succeeded

Build info: version: '2.50.1', revision: 'd7fc91b29de65b790abb01f3ac5f7ea2191c88a7', time: '2016-01-29 11:11:26'
System info: host: 'QSIH-00493', ip: '172.70.139.202', os.name: 'Windows 7', os.arch: 'amd64', os.version: '6.1', java.version: '1.8.0_65'
Driver info: driver.version: FirefoxDriver
	at org.openqa.selenium.firefox.internal.NewProfileExtensionConnection.start(NewProfileExtensionConnection.java:135)
	at org.openqa.selenium.firefox.FirefoxDriver.startClient(FirefoxDriver.java:271)
	at org.openqa.selenium.remote.RemoteWebDriver.<init>(RemoteWebDriver.java:119)
	at org.openqa.selenium.firefox.FirefoxDriver.<init>(FirefoxDriver.java:216)
	at org.openqa.selenium.firefox.FirefoxDriver.<init>(FirefoxDriver.java:211)
	at org.openqa.selenium.firefox.FirefoxDriver.<init>(FirefoxDriver.java:207)
	at org.openqa.selenium.firefox.FirefoxDriver.<init>(FirefoxDriver.java:120)
	at com.pp.util.BaseTestObject.setup(BaseTestObject.java:91)
	at sun.reflect.NativeMethodAccessorImpl.invoke0(Native Method)
	at sun.reflect.NativeMethodAccessorImpl.invoke(NativeMethodAccessorImpl.java:62)
	at sun.reflect.DelegatingMethodAccessorImpl.invoke(DelegatingMethodAccessorImpl.java:43)
	at java.lang.reflect.Method.invoke(Method.java:497)
	at org.testng.internal.MethodInvocationHelper.invokeMethod(MethodInvocationHelper.java:85)
	at org.testng.internal.Invoker.invokeConfigurationMethod(Invoker.java:517)
	at org.testng.internal.Invoker.invokeConfigurations(Invoker.java:213)
	at org.testng.internal.Invoker.invokeConfigurations(Invoker.java:140)
	at org.testng.internal.TestMethodWorker.invokeBeforeClassMethods(TestMethodWorker.java:170)
	at org.testng.internal.TestMethodWorker.run(TestMethodWorker.java:104)
	at org.testng.TestRunner.privateRun(TestRunner.java:771)
	at org.testng.TestRunner.run(TestRunner.java:621)
	at org.testng.SuiteRunner.runTest(SuiteRunner.java:357)
	at org.testng.SuiteRunner.runSequentially(SuiteRunner.java:352)
	at org.testng.SuiteRunner.privateRun(SuiteRunner.java:310)
	at org.testng.SuiteRunner.run(SuiteRunner.java:259)
	at org.testng.SuiteRunnerWorker.runSuite(SuiteRunnerWorker.java:52)
	at org.testng.SuiteRunnerWorker.run(SuiteRunnerWorker.java:86)
	at org.testng.TestNG.runSuitesSequentially(TestNG.java:1199)
	at org.testng.TestNG.runSuitesLocally(TestNG.java:1124)
	at org.testng.TestNG.run(TestNG.java:1032)
	at org.testng.remote.RemoteTestNG.run(RemoteTestNG.java:111)
	at org.testng.remote.RemoteTestNG.initAndRun(RemoteTestNG.java:204)
	at org.testng.remote.RemoteTestNG.main(RemoteTestNG.java:175)
Caused by: org.openqa.selenium.firefox.NotConnectedException: Unable to connect to host 127.0.0.1 on port 7055 after 45000 ms. Firefox console output:
8597	addons.xpi	DEBUG	getModTime: Recursive scan of {972ce4c6-7e08-4474-a285-3208198ce6fd}
1458385218597	addons.xpi	DEBUG	Updating XPIState for {"id":"adapter@gingersoftware.com","syncGUID":"oWMpr-PcJzdZ","location":"winreg-app-global","version":"0.1","type":"extension","internalName":null,"updateURL":"","updateKey":null,"optionsURL":null,"optionsType":null,"aboutURL":"chrome://ginger/content/about.xul","icons":{},"iconURL":"chrome://ginger/skin/gingers.png","icon64URL":null,"defaultLocale":{"name":"Ginger","description":"","creator":"Ginger Software","homepageURL":"http://www.gingersoftware.com","contributors":[""]},"visible":true,"active":false,"userDisabled":true,"appDisabled":false,"descriptor":"C:\\Program Files (x86)\\Ginger\\Mozilla\\adapter@gingersoftware.com","installDate":1439370523321,"updateDate":1439370523321,"applyBackgroundUpdates":1,"bootstrap":false,"skinnable":false,"size":66671,"sourceURI":null,"releaseNotesURI":null,"softDisabled":false,"foreignInstall":true,"hasBinaryComponents":false,"strictCompatibility":false,"locales":[],"targetApplications":[{"id":"{ec8030f7-c20a-464f-9b0e-13a3a9e97384}","minVersion":"0.7","maxVersion":"9.9"}],"targetPlatforms":[],"multiprocessCompatible":false,"signedState":0,"seen":true}
1458385218598	DeferredSave.extensions.json	DEBUG	Save changes
1458385218598	addons.xpi	DEBUG	Updating database with changes to installed add-ons
1458385218598	addons.xpi-utils	DEBUG	Updating add-on states
1458385218598	addons.xpi-utils	DEBUG	Writing add-ons list
1458385218601	addons.xpi	DEBUG	Registering manifest for C:\Program Files (x86)\Mozilla Firefox\browser\features\loop@mozilla.org.xpi
1458385218601	addons.xpi	DEBUG	Calling bootstrap method startup on loop@mozilla.org version 0.1
1458385218613	addons.manager	DEBUG	Starting provider: <unnamed-provider>
1458385218613	addons.manager	DEBUG	Registering shutdown blocker for <unnamed-provider>
1458385218613	addons.manager	DEBUG	Provider finished startup: <unnamed-provider>
1458385218626	addons.manager	DEBUG	Registering shutdown blocker for XPIProvider
1458385218626	addons.manager	DEBUG	Provider finished startup: XPIProvider
1458385218626	addons.manager	DEBUG	Starting provider: LightweightThemeManager
1458385218626	addons.manager	DEBUG	Registering shutdown blocker for LightweightThemeManager
1458385218626	addons.manager	DEBUG	Provider finished startup: LightweightThemeManager
1458385218626	addons.manager	DEBUG	Starting provider: GMPProvider
1458385218631	addons.manager	DEBUG	Registering shutdown blocker for GMPProvider
1458385218631	addons.manager	DEBUG	Provider finished startup: GMPProvider
1458385218631	addons.manager	DEBUG	Starting provider: PluginProvider
1458385218631	addons.manager	DEBUG	Registering shutdown blocker for PluginProvider
1458385218631	addons.manager	DEBUG	Provider finished startup: PluginProvider
1458385218631	addons.manager	DEBUG	Completed startup sequence
Crash Annotation GraphicsCriticalError: |[0][GFX1-]: PossiblyBrokenSurfaceSharing_UnexpectedAMDGPU[GFX1-]: PossiblyBrokenSurfaceSharing_UnexpectedAMDGPU
Crash Annotation GraphicsCriticalError: |[0][GFX1-]: PossiblyBrokenSurfaceSharing_UnexpectedAMDGPU|[1][GFX1-]: PossiblyBrokenSurfaceSharing_UnexpectedAMDGPU[GFX1-]: PossiblyBrokenSurfaceSharing_UnexpectedAMDGPU
1458385218999	DeferredSave.extensions.json	DEBUG	Starting write
1458385219221	addons.repository	DEBUG	No addons.json found.
1458385219221	DeferredSave.addons.json	DEBUG	Save changes
1458385219222	DeferredSave.addons.json	DEBUG	Starting timer
1458385219251	addons.manager	DEBUG	Starting provider: PreviousExperimentProvider
1458385219251	addons.manager	DEBUG	Registering shutdown blocker for PreviousExperimentProvider
1458385219252	addons.manager	DEBUG	Provider finished startup: PreviousExperimentProvider
1458385219269	DeferredSave.extensions.json	DEBUG	Write succeeded
1458385219270	addons.xpi-utils	DEBUG	XPI Database saved, setting schema version preference to 17
1458385219276	DeferredSave.addons.json	DEBUG	Starting write
1458385219300	DeferredSave.addons.json	DEBUG	Write succeeded

	at org.openqa.selenium.firefox.internal.NewProfileExtensionConnection.start(NewProfileExtensionConnection.java:123)
	... 31 more
]]>
    </error>
  </testcase> <!-- verifyIamNewHereTestCase -->
  <testcase name="verifyAllReadyMembersElements" time="0.000" classname="com.pp.tests.LoginPageTest">
    <error type="org.openqa.selenium.WebDriverException" message="Failed to connect to binary FirefoxBinary(C:\Program Files (x86)\Mozilla Firefox\firefox.exe) on port 7055; process output follows: 
8597	addons.xpi	DEBUG	getModTime: Recursive scan of {972ce4c6-7e08-4474-a285-3208198ce6fd}
1458385218597	addons.xpi	DEBUG	Updating XPIState for {&quot;id&quot;:&quot;adapter@gingersoftware.com&quot;,&quot;syncGUID&quot;:&quot;oWMpr-PcJzdZ&quot;,&quot;location&quot;:&quot;winreg-app-global&quot;,&quot;version&quot;:&quot;0.1&quot;,&quot;type&quot;:&quot;extension&quot;,&quot;internalName&quot;:null,&quot;updateURL&quot;:&quot;&quot;,&quot;updateKey&quot;:null,&quot;optionsURL&quot;:null,&quot;optionsType&quot;:null,&quot;aboutURL&quot;:&quot;chrome://ginger/content/about.xul&quot;,&quot;icons&quot;:{},&quot;iconURL&quot;:&quot;chrome://ginger/skin/gingers.png&quot;,&quot;icon64URL&quot;:null,&quot;defaultLocale&quot;:{&quot;name&quot;:&quot;Ginger&quot;,&quot;description&quot;:&quot;&quot;,&quot;creator&quot;:&quot;Ginger Software&quot;,&quot;homepageURL&quot;:&quot;http://www.gingersoftware.com&quot;,&quot;contributors&quot;:[&quot;&quot;]},&quot;visible&quot;:true,&quot;active&quot;:false,&quot;userDisabled&quot;:true,&quot;appDisabled&quot;:false,&quot;descriptor&quot;:&quot;C:\\Program Files (x86)\\Ginger\\Mozilla\\adapter@gingersoftware.com&quot;,&quot;installDate&quot;:1439370523321,&quot;updateDate&quot;:1439370523321,&quot;applyBackgroundUpdates&quot;:1,&quot;bootstrap&quot;:false,&quot;skinnable&quot;:false,&quot;size&quot;:66671,&quot;sourceURI&quot;:null,&quot;releaseNotesURI&quot;:null,&quot;softDisabled&quot;:false,&quot;foreignInstall&quot;:true,&quot;hasBinaryComponents&quot;:false,&quot;strictCompatibility&quot;:false,&quot;locales&quot;:[],&quot;targetApplications&quot;:[{&quot;id&quot;:&quot;{ec8030f7-c20a-464f-9b0e-13a3a9e97384}&quot;,&quot;minVersion&quot;:&quot;0.7&quot;,&quot;maxVersion&quot;:&quot;9.9&quot;}],&quot;targetPlatforms&quot;:[],&quot;multiprocessCompatible&quot;:false,&quot;signedState&quot;:0,&quot;seen&quot;:true}
1458385218598	DeferredSave.extensions.json	DEBUG	Save changes
1458385218598	addons.xpi	DEBUG	Updating database with changes to installed add-ons
1458385218598	addons.xpi-utils	DEBUG	Updating add-on states
1458385218598	addons.xpi-utils	DEBUG	Writing add-ons list
1458385218601	addons.xpi	DEBUG	Registering manifest for C:\Program Files (x86)\Mozilla Firefox\browser\features\loop@mozilla.org.xpi
1458385218601	addons.xpi	DEBUG	Calling bootstrap method startup on loop@mozilla.org version 0.1
1458385218613	addons.manager	DEBUG	Starting provider: &lt;unnamed-provider&gt;
1458385218613	addons.manager	DEBUG	Registering shutdown blocker for &lt;unnamed-provider&gt;
1458385218613	addons.manager	DEBUG	Provider finished startup: &lt;unnamed-provider&gt;
1458385218626	addons.manager	DEBUG	Registering shutdown blocker for XPIProvider
1458385218626	addons.manager	DEBUG	Provider finished startup: XPIProvider
1458385218626	addons.manager	DEBUG	Starting provider: LightweightThemeManager
1458385218626	addons.manager	DEBUG	Registering shutdown blocker for LightweightThemeManager
1458385218626	addons.manager	DEBUG	Provider finished startup: LightweightThemeManager
1458385218626	addons.manager	DEBUG	Starting provider: GMPProvider
1458385218631	addons.manager	DEBUG	Registering shutdown blocker for GMPProvider
1458385218631	addons.manager	DEBUG	Provider finished startup: GMPProvider
1458385218631	addons.manager	DEBUG	Starting provider: PluginProvider
1458385218631	addons.manager	DEBUG	Registering shutdown blocker for PluginProvider
1458385218631	addons.manager	DEBUG	Provider finished startup: PluginProvider
1458385218631	addons.manager	DEBUG	Completed startup sequence
Crash Annotation GraphicsCriticalError: |[0][GFX1-]: PossiblyBrokenSurfaceSharing_UnexpectedAMDGPU[GFX1-]: PossiblyBrokenSurfaceSharing_UnexpectedAMDGPU
Crash Annotation GraphicsCriticalError: |[0][GFX1-]: PossiblyBrokenSurfaceSharing_UnexpectedAMDGPU|[1][GFX1-]: PossiblyBrokenSurfaceSharing_UnexpectedAMDGPU[GFX1-]: PossiblyBrokenSurfaceSharing_UnexpectedAMDGPU
1458385218999	DeferredSave.extensions.json	DEBUG	Starting write
1458385219221	addons.repository	DEBUG	No addons.json found.
1458385219221	DeferredSave.addons.json	DEBUG	Save changes
1458385219222	DeferredSave.addons.json	DEBUG	Starting timer
1458385219251	addons.manager	DEBUG	Starting provider: PreviousExperimentProvider
1458385219251	addons.manager	DEBUG	Registering shutdown blocker for PreviousExperimentProvider
1458385219252	addons.manager	DEBUG	Provider finished startup: PreviousExperimentProvider
1458385219269	DeferredSave.extensions.json	DEBUG	Write succeeded
1458385219270	addons.xpi-utils	DEBUG	XPI Database saved, setting schema version preference to 17
1458385219276	DeferredSave.addons.json	DEBUG	Starting write
1458385219300	DeferredSave.addons.json	DEBUG	Write succeeded

Build info: version: &#039;2.50.1&#039;, revision: &#039;d7fc91b29de65b790abb01f3ac5f7ea2191c88a7&#039;, time: &#039;2016-01-29 11:11:26&#039;
System info: host: &#039;QSIH-00493&#039;, ip: &#039;172.70.139.202&#039;, os.name: &#039;Windows 7&#039;, os.arch: &#039;amd64&#039;, os.version: &#039;6.1&#039;, java.version: &#039;1.8.0_65&#039;
Driver info: driver.version: FirefoxDriver">
      <![CDATA[org.openqa.selenium.WebDriverException: Failed to connect to binary FirefoxBinary(C:\Program Files (x86)\Mozilla Firefox\firefox.exe) on port 7055; process output follows: 
8597	addons.xpi	DEBUG	getModTime: Recursive scan of {972ce4c6-7e08-4474-a285-3208198ce6fd}
1458385218597	addons.xpi	DEBUG	Updating XPIState for {"id":"adapter@gingersoftware.com","syncGUID":"oWMpr-PcJzdZ","location":"winreg-app-global","version":"0.1","type":"extension","internalName":null,"updateURL":"","updateKey":null,"optionsURL":null,"optionsType":null,"aboutURL":"chrome://ginger/content/about.xul","icons":{},"iconURL":"chrome://ginger/skin/gingers.png","icon64URL":null,"defaultLocale":{"name":"Ginger","description":"","creator":"Ginger Software","homepageURL":"http://www.gingersoftware.com","contributors":[""]},"visible":true,"active":false,"userDisabled":true,"appDisabled":false,"descriptor":"C:\\Program Files (x86)\\Ginger\\Mozilla\\adapter@gingersoftware.com","installDate":1439370523321,"updateDate":1439370523321,"applyBackgroundUpdates":1,"bootstrap":false,"skinnable":false,"size":66671,"sourceURI":null,"releaseNotesURI":null,"softDisabled":false,"foreignInstall":true,"hasBinaryComponents":false,"strictCompatibility":false,"locales":[],"targetApplications":[{"id":"{ec8030f7-c20a-464f-9b0e-13a3a9e97384}","minVersion":"0.7","maxVersion":"9.9"}],"targetPlatforms":[],"multiprocessCompatible":false,"signedState":0,"seen":true}
1458385218598	DeferredSave.extensions.json	DEBUG	Save changes
1458385218598	addons.xpi	DEBUG	Updating database with changes to installed add-ons
1458385218598	addons.xpi-utils	DEBUG	Updating add-on states
1458385218598	addons.xpi-utils	DEBUG	Writing add-ons list
1458385218601	addons.xpi	DEBUG	Registering manifest for C:\Program Files (x86)\Mozilla Firefox\browser\features\loop@mozilla.org.xpi
1458385218601	addons.xpi	DEBUG	Calling bootstrap method startup on loop@mozilla.org version 0.1
1458385218613	addons.manager	DEBUG	Starting provider: <unnamed-provider>
1458385218613	addons.manager	DEBUG	Registering shutdown blocker for <unnamed-provider>
1458385218613	addons.manager	DEBUG	Provider finished startup: <unnamed-provider>
1458385218626	addons.manager	DEBUG	Registering shutdown blocker for XPIProvider
1458385218626	addons.manager	DEBUG	Provider finished startup: XPIProvider
1458385218626	addons.manager	DEBUG	Starting provider: LightweightThemeManager
1458385218626	addons.manager	DEBUG	Registering shutdown blocker for LightweightThemeManager
1458385218626	addons.manager	DEBUG	Provider finished startup: LightweightThemeManager
1458385218626	addons.manager	DEBUG	Starting provider: GMPProvider
1458385218631	addons.manager	DEBUG	Registering shutdown blocker for GMPProvider
1458385218631	addons.manager	DEBUG	Provider finished startup: GMPProvider
1458385218631	addons.manager	DEBUG	Starting provider: PluginProvider
1458385218631	addons.manager	DEBUG	Registering shutdown blocker for PluginProvider
1458385218631	addons.manager	DEBUG	Provider finished startup: PluginProvider
1458385218631	addons.manager	DEBUG	Completed startup sequence
Crash Annotation GraphicsCriticalError: |[0][GFX1-]: PossiblyBrokenSurfaceSharing_UnexpectedAMDGPU[GFX1-]: PossiblyBrokenSurfaceSharing_UnexpectedAMDGPU
Crash Annotation GraphicsCriticalError: |[0][GFX1-]: PossiblyBrokenSurfaceSharing_UnexpectedAMDGPU|[1][GFX1-]: PossiblyBrokenSurfaceSharing_UnexpectedAMDGPU[GFX1-]: PossiblyBrokenSurfaceSharing_UnexpectedAMDGPU
1458385218999	DeferredSave.extensions.json	DEBUG	Starting write
1458385219221	addons.repository	DEBUG	No addons.json found.
1458385219221	DeferredSave.addons.json	DEBUG	Save changes
1458385219222	DeferredSave.addons.json	DEBUG	Starting timer
1458385219251	addons.manager	DEBUG	Starting provider: PreviousExperimentProvider
1458385219251	addons.manager	DEBUG	Registering shutdown blocker for PreviousExperimentProvider
1458385219252	addons.manager	DEBUG	Provider finished startup: PreviousExperimentProvider
1458385219269	DeferredSave.extensions.json	DEBUG	Write succeeded
1458385219270	addons.xpi-utils	DEBUG	XPI Database saved, setting schema version preference to 17
1458385219276	DeferredSave.addons.json	DEBUG	Starting write
1458385219300	DeferredSave.addons.json	DEBUG	Write succeeded

Build info: version: '2.50.1', revision: 'd7fc91b29de65b790abb01f3ac5f7ea2191c88a7', time: '2016-01-29 11:11:26'
System info: host: 'QSIH-00493', ip: '172.70.139.202', os.name: 'Windows 7', os.arch: 'amd64', os.version: '6.1', java.version: '1.8.0_65'
Driver info: driver.version: FirefoxDriver
	at org.openqa.selenium.firefox.internal.NewProfileExtensionConnection.start(NewProfileExtensionConnection.java:135)
	at org.openqa.selenium.firefox.FirefoxDriver.startClient(FirefoxDriver.java:271)
	at org.openqa.selenium.remote.RemoteWebDriver.<init>(RemoteWebDriver.java:119)
	at org.openqa.selenium.firefox.FirefoxDriver.<init>(FirefoxDriver.java:216)
	at org.openqa.selenium.firefox.FirefoxDriver.<init>(FirefoxDriver.java:211)
	at org.openqa.selenium.firefox.FirefoxDriver.<init>(FirefoxDriver.java:207)
	at org.openqa.selenium.firefox.FirefoxDriver.<init>(FirefoxDriver.java:120)
	at com.pp.util.BaseTestObject.setup(BaseTestObject.java:91)
	at sun.reflect.NativeMethodAccessorImpl.invoke0(Native Method)
	at sun.reflect.NativeMethodAccessorImpl.invoke(NativeMethodAccessorImpl.java:62)
	at sun.reflect.DelegatingMethodAccessorImpl.invoke(DelegatingMethodAccessorImpl.java:43)
	at java.lang.reflect.Method.invoke(Method.java:497)
	at org.testng.internal.MethodInvocationHelper.invokeMethod(MethodInvocationHelper.java:85)
	at org.testng.internal.Invoker.invokeConfigurationMethod(Invoker.java:517)
	at org.testng.internal.Invoker.invokeConfigurations(Invoker.java:213)
	at org.testng.internal.Invoker.invokeConfigurations(Invoker.java:140)
	at org.testng.internal.TestMethodWorker.invokeBeforeClassMethods(TestMethodWorker.java:170)
	at org.testng.internal.TestMethodWorker.run(TestMethodWorker.java:104)
	at org.testng.TestRunner.privateRun(TestRunner.java:771)
	at org.testng.TestRunner.run(TestRunner.java:621)
	at org.testng.SuiteRunner.runTest(SuiteRunner.java:357)
	at org.testng.SuiteRunner.runSequentially(SuiteRunner.java:352)
	at org.testng.SuiteRunner.privateRun(SuiteRunner.java:310)
	at org.testng.SuiteRunner.run(SuiteRunner.java:259)
	at org.testng.SuiteRunnerWorker.runSuite(SuiteRunnerWorker.java:52)
	at org.testng.SuiteRunnerWorker.run(SuiteRunnerWorker.java:86)
	at org.testng.TestNG.runSuitesSequentially(TestNG.java:1199)
	at org.testng.TestNG.runSuitesLocally(TestNG.java:1124)
	at org.testng.TestNG.run(TestNG.java:1032)
	at org.testng.remote.RemoteTestNG.run(RemoteTestNG.java:111)
	at org.testng.remote.RemoteTestNG.initAndRun(RemoteTestNG.java:204)
	at org.testng.remote.RemoteTestNG.main(RemoteTestNG.java:175)
Caused by: org.openqa.selenium.firefox.NotConnectedException: Unable to connect to host 127.0.0.1 on port 7055 after 45000 ms. Firefox console output:
8597	addons.xpi	DEBUG	getModTime: Recursive scan of {972ce4c6-7e08-4474-a285-3208198ce6fd}
1458385218597	addons.xpi	DEBUG	Updating XPIState for {"id":"adapter@gingersoftware.com","syncGUID":"oWMpr-PcJzdZ","location":"winreg-app-global","version":"0.1","type":"extension","internalName":null,"updateURL":"","updateKey":null,"optionsURL":null,"optionsType":null,"aboutURL":"chrome://ginger/content/about.xul","icons":{},"iconURL":"chrome://ginger/skin/gingers.png","icon64URL":null,"defaultLocale":{"name":"Ginger","description":"","creator":"Ginger Software","homepageURL":"http://www.gingersoftware.com","contributors":[""]},"visible":true,"active":false,"userDisabled":true,"appDisabled":false,"descriptor":"C:\\Program Files (x86)\\Ginger\\Mozilla\\adapter@gingersoftware.com","installDate":1439370523321,"updateDate":1439370523321,"applyBackgroundUpdates":1,"bootstrap":false,"skinnable":false,"size":66671,"sourceURI":null,"releaseNotesURI":null,"softDisabled":false,"foreignInstall":true,"hasBinaryComponents":false,"strictCompatibility":false,"locales":[],"targetApplications":[{"id":"{ec8030f7-c20a-464f-9b0e-13a3a9e97384}","minVersion":"0.7","maxVersion":"9.9"}],"targetPlatforms":[],"multiprocessCompatible":false,"signedState":0,"seen":true}
1458385218598	DeferredSave.extensions.json	DEBUG	Save changes
1458385218598	addons.xpi	DEBUG	Updating database with changes to installed add-ons
1458385218598	addons.xpi-utils	DEBUG	Updating add-on states
1458385218598	addons.xpi-utils	DEBUG	Writing add-ons list
1458385218601	addons.xpi	DEBUG	Registering manifest for C:\Program Files (x86)\Mozilla Firefox\browser\features\loop@mozilla.org.xpi
1458385218601	addons.xpi	DEBUG	Calling bootstrap method startup on loop@mozilla.org version 0.1
1458385218613	addons.manager	DEBUG	Starting provider: <unnamed-provider>
1458385218613	addons.manager	DEBUG	Registering shutdown blocker for <unnamed-provider>
1458385218613	addons.manager	DEBUG	Provider finished startup: <unnamed-provider>
1458385218626	addons.manager	DEBUG	Registering shutdown blocker for XPIProvider
1458385218626	addons.manager	DEBUG	Provider finished startup: XPIProvider
1458385218626	addons.manager	DEBUG	Starting provider: LightweightThemeManager
1458385218626	addons.manager	DEBUG	Registering shutdown blocker for LightweightThemeManager
1458385218626	addons.manager	DEBUG	Provider finished startup: LightweightThemeManager
1458385218626	addons.manager	DEBUG	Starting provider: GMPProvider
1458385218631	addons.manager	DEBUG	Registering shutdown blocker for GMPProvider
1458385218631	addons.manager	DEBUG	Provider finished startup: GMPProvider
1458385218631	addons.manager	DEBUG	Starting provider: PluginProvider
1458385218631	addons.manager	DEBUG	Registering shutdown blocker for PluginProvider
1458385218631	addons.manager	DEBUG	Provider finished startup: PluginProvider
1458385218631	addons.manager	DEBUG	Completed startup sequence
Crash Annotation GraphicsCriticalError: |[0][GFX1-]: PossiblyBrokenSurfaceSharing_UnexpectedAMDGPU[GFX1-]: PossiblyBrokenSurfaceSharing_UnexpectedAMDGPU
Crash Annotation GraphicsCriticalError: |[0][GFX1-]: PossiblyBrokenSurfaceSharing_UnexpectedAMDGPU|[1][GFX1-]: PossiblyBrokenSurfaceSharing_UnexpectedAMDGPU[GFX1-]: PossiblyBrokenSurfaceSharing_UnexpectedAMDGPU
1458385218999	DeferredSave.extensions.json	DEBUG	Starting write
1458385219221	addons.repository	DEBUG	No addons.json found.
1458385219221	DeferredSave.addons.json	DEBUG	Save changes
1458385219222	DeferredSave.addons.json	DEBUG	Starting timer
1458385219251	addons.manager	DEBUG	Starting provider: PreviousExperimentProvider
1458385219251	addons.manager	DEBUG	Registering shutdown blocker for PreviousExperimentProvider
1458385219252	addons.manager	DEBUG	Provider finished startup: PreviousExperimentProvider
1458385219269	DeferredSave.extensions.json	DEBUG	Write succeeded
1458385219270	addons.xpi-utils	DEBUG	XPI Database saved, setting schema version preference to 17
1458385219276	DeferredSave.addons.json	DEBUG	Starting write
1458385219300	DeferredSave.addons.json	DEBUG	Write succeeded

	at org.openqa.selenium.firefox.internal.NewProfileExtensionConnection.start(NewProfileExtensionConnection.java:123)
	... 31 more
]]>
    </error>
  </testcase> <!-- verifyAllReadyMembersElements -->
  <testcase name="clickOnLoginWithValidCredentials" time="0.001" classname="com.pp.tests.LoginPageTest">
    <error type="org.openqa.selenium.WebDriverException" message="Failed to connect to binary FirefoxBinary(C:\Program Files (x86)\Mozilla Firefox\firefox.exe) on port 7055; process output follows: 
8597	addons.xpi	DEBUG	getModTime: Recursive scan of {972ce4c6-7e08-4474-a285-3208198ce6fd}
1458385218597	addons.xpi	DEBUG	Updating XPIState for {&quot;id&quot;:&quot;adapter@gingersoftware.com&quot;,&quot;syncGUID&quot;:&quot;oWMpr-PcJzdZ&quot;,&quot;location&quot;:&quot;winreg-app-global&quot;,&quot;version&quot;:&quot;0.1&quot;,&quot;type&quot;:&quot;extension&quot;,&quot;internalName&quot;:null,&quot;updateURL&quot;:&quot;&quot;,&quot;updateKey&quot;:null,&quot;optionsURL&quot;:null,&quot;optionsType&quot;:null,&quot;aboutURL&quot;:&quot;chrome://ginger/content/about.xul&quot;,&quot;icons&quot;:{},&quot;iconURL&quot;:&quot;chrome://ginger/skin/gingers.png&quot;,&quot;icon64URL&quot;:null,&quot;defaultLocale&quot;:{&quot;name&quot;:&quot;Ginger&quot;,&quot;description&quot;:&quot;&quot;,&quot;creator&quot;:&quot;Ginger Software&quot;,&quot;homepageURL&quot;:&quot;http://www.gingersoftware.com&quot;,&quot;contributors&quot;:[&quot;&quot;]},&quot;visible&quot;:true,&quot;active&quot;:false,&quot;userDisabled&quot;:true,&quot;appDisabled&quot;:false,&quot;descriptor&quot;:&quot;C:\\Program Files (x86)\\Ginger\\Mozilla\\adapter@gingersoftware.com&quot;,&quot;installDate&quot;:1439370523321,&quot;updateDate&quot;:1439370523321,&quot;applyBackgroundUpdates&quot;:1,&quot;bootstrap&quot;:false,&quot;skinnable&quot;:false,&quot;size&quot;:66671,&quot;sourceURI&quot;:null,&quot;releaseNotesURI&quot;:null,&quot;softDisabled&quot;:false,&quot;foreignInstall&quot;:true,&quot;hasBinaryComponents&quot;:false,&quot;strictCompatibility&quot;:false,&quot;locales&quot;:[],&quot;targetApplications&quot;:[{&quot;id&quot;:&quot;{ec8030f7-c20a-464f-9b0e-13a3a9e97384}&quot;,&quot;minVersion&quot;:&quot;0.7&quot;,&quot;maxVersion&quot;:&quot;9.9&quot;}],&quot;targetPlatforms&quot;:[],&quot;multiprocessCompatible&quot;:false,&quot;signedState&quot;:0,&quot;seen&quot;:true}
1458385218598	DeferredSave.extensions.json	DEBUG	Save changes
1458385218598	addons.xpi	DEBUG	Updating database with changes to installed add-ons
1458385218598	addons.xpi-utils	DEBUG	Updating add-on states
1458385218598	addons.xpi-utils	DEBUG	Writing add-ons list
1458385218601	addons.xpi	DEBUG	Registering manifest for C:\Program Files (x86)\Mozilla Firefox\browser\features\loop@mozilla.org.xpi
1458385218601	addons.xpi	DEBUG	Calling bootstrap method startup on loop@mozilla.org version 0.1
1458385218613	addons.manager	DEBUG	Starting provider: &lt;unnamed-provider&gt;
1458385218613	addons.manager	DEBUG	Registering shutdown blocker for &lt;unnamed-provider&gt;
1458385218613	addons.manager	DEBUG	Provider finished startup: &lt;unnamed-provider&gt;
1458385218626	addons.manager	DEBUG	Registering shutdown blocker for XPIProvider
1458385218626	addons.manager	DEBUG	Provider finished startup: XPIProvider
1458385218626	addons.manager	DEBUG	Starting provider: LightweightThemeManager
1458385218626	addons.manager	DEBUG	Registering shutdown blocker for LightweightThemeManager
1458385218626	addons.manager	DEBUG	Provider finished startup: LightweightThemeManager
1458385218626	addons.manager	DEBUG	Starting provider: GMPProvider
1458385218631	addons.manager	DEBUG	Registering shutdown blocker for GMPProvider
1458385218631	addons.manager	DEBUG	Provider finished startup: GMPProvider
1458385218631	addons.manager	DEBUG	Starting provider: PluginProvider
1458385218631	addons.manager	DEBUG	Registering shutdown blocker for PluginProvider
1458385218631	addons.manager	DEBUG	Provider finished startup: PluginProvider
1458385218631	addons.manager	DEBUG	Completed startup sequence
Crash Annotation GraphicsCriticalError: |[0][GFX1-]: PossiblyBrokenSurfaceSharing_UnexpectedAMDGPU[GFX1-]: PossiblyBrokenSurfaceSharing_UnexpectedAMDGPU
Crash Annotation GraphicsCriticalError: |[0][GFX1-]: PossiblyBrokenSurfaceSharing_UnexpectedAMDGPU|[1][GFX1-]: PossiblyBrokenSurfaceSharing_UnexpectedAMDGPU[GFX1-]: PossiblyBrokenSurfaceSharing_UnexpectedAMDGPU
1458385218999	DeferredSave.extensions.json	DEBUG	Starting write
1458385219221	addons.repository	DEBUG	No addons.json found.
1458385219221	DeferredSave.addons.json	DEBUG	Save changes
1458385219222	DeferredSave.addons.json	DEBUG	Starting timer
1458385219251	addons.manager	DEBUG	Starting provider: PreviousExperimentProvider
1458385219251	addons.manager	DEBUG	Registering shutdown blocker for PreviousExperimentProvider
1458385219252	addons.manager	DEBUG	Provider finished startup: PreviousExperimentProvider
1458385219269	DeferredSave.extensions.json	DEBUG	Write succeeded
1458385219270	addons.xpi-utils	DEBUG	XPI Database saved, setting schema version preference to 17
1458385219276	DeferredSave.addons.json	DEBUG	Starting write
1458385219300	DeferredSave.addons.json	DEBUG	Write succeeded

Build info: version: &#039;2.50.1&#039;, revision: &#039;d7fc91b29de65b790abb01f3ac5f7ea2191c88a7&#039;, time: &#039;2016-01-29 11:11:26&#039;
System info: host: &#039;QSIH-00493&#039;, ip: &#039;172.70.139.202&#039;, os.name: &#039;Windows 7&#039;, os.arch: &#039;amd64&#039;, os.version: &#039;6.1&#039;, java.version: &#039;1.8.0_65&#039;
Driver info: driver.version: FirefoxDriver">
      <![CDATA[org.openqa.selenium.WebDriverException: Failed to connect to binary FirefoxBinary(C:\Program Files (x86)\Mozilla Firefox\firefox.exe) on port 7055; process output follows: 
8597	addons.xpi	DEBUG	getModTime: Recursive scan of {972ce4c6-7e08-4474-a285-3208198ce6fd}
1458385218597	addons.xpi	DEBUG	Updating XPIState for {"id":"adapter@gingersoftware.com","syncGUID":"oWMpr-PcJzdZ","location":"winreg-app-global","version":"0.1","type":"extension","internalName":null,"updateURL":"","updateKey":null,"optionsURL":null,"optionsType":null,"aboutURL":"chrome://ginger/content/about.xul","icons":{},"iconURL":"chrome://ginger/skin/gingers.png","icon64URL":null,"defaultLocale":{"name":"Ginger","description":"","creator":"Ginger Software","homepageURL":"http://www.gingersoftware.com","contributors":[""]},"visible":true,"active":false,"userDisabled":true,"appDisabled":false,"descriptor":"C:\\Program Files (x86)\\Ginger\\Mozilla\\adapter@gingersoftware.com","installDate":1439370523321,"updateDate":1439370523321,"applyBackgroundUpdates":1,"bootstrap":false,"skinnable":false,"size":66671,"sourceURI":null,"releaseNotesURI":null,"softDisabled":false,"foreignInstall":true,"hasBinaryComponents":false,"strictCompatibility":false,"locales":[],"targetApplications":[{"id":"{ec8030f7-c20a-464f-9b0e-13a3a9e97384}","minVersion":"0.7","maxVersion":"9.9"}],"targetPlatforms":[],"multiprocessCompatible":false,"signedState":0,"seen":true}
1458385218598	DeferredSave.extensions.json	DEBUG	Save changes
1458385218598	addons.xpi	DEBUG	Updating database with changes to installed add-ons
1458385218598	addons.xpi-utils	DEBUG	Updating add-on states
1458385218598	addons.xpi-utils	DEBUG	Writing add-ons list
1458385218601	addons.xpi	DEBUG	Registering manifest for C:\Program Files (x86)\Mozilla Firefox\browser\features\loop@mozilla.org.xpi
1458385218601	addons.xpi	DEBUG	Calling bootstrap method startup on loop@mozilla.org version 0.1
1458385218613	addons.manager	DEBUG	Starting provider: <unnamed-provider>
1458385218613	addons.manager	DEBUG	Registering shutdown blocker for <unnamed-provider>
1458385218613	addons.manager	DEBUG	Provider finished startup: <unnamed-provider>
1458385218626	addons.manager	DEBUG	Registering shutdown blocker for XPIProvider
1458385218626	addons.manager	DEBUG	Provider finished startup: XPIProvider
1458385218626	addons.manager	DEBUG	Starting provider: LightweightThemeManager
1458385218626	addons.manager	DEBUG	Registering shutdown blocker for LightweightThemeManager
1458385218626	addons.manager	DEBUG	Provider finished startup: LightweightThemeManager
1458385218626	addons.manager	DEBUG	Starting provider: GMPProvider
1458385218631	addons.manager	DEBUG	Registering shutdown blocker for GMPProvider
1458385218631	addons.manager	DEBUG	Provider finished startup: GMPProvider
1458385218631	addons.manager	DEBUG	Starting provider: PluginProvider
1458385218631	addons.manager	DEBUG	Registering shutdown blocker for PluginProvider
1458385218631	addons.manager	DEBUG	Provider finished startup: PluginProvider
1458385218631	addons.manager	DEBUG	Completed startup sequence
Crash Annotation GraphicsCriticalError: |[0][GFX1-]: PossiblyBrokenSurfaceSharing_UnexpectedAMDGPU[GFX1-]: PossiblyBrokenSurfaceSharing_UnexpectedAMDGPU
Crash Annotation GraphicsCriticalError: |[0][GFX1-]: PossiblyBrokenSurfaceSharing_UnexpectedAMDGPU|[1][GFX1-]: PossiblyBrokenSurfaceSharing_UnexpectedAMDGPU[GFX1-]: PossiblyBrokenSurfaceSharing_UnexpectedAMDGPU
1458385218999	DeferredSave.extensions.json	DEBUG	Starting write
1458385219221	addons.repository	DEBUG	No addons.json found.
1458385219221	DeferredSave.addons.json	DEBUG	Save changes
1458385219222	DeferredSave.addons.json	DEBUG	Starting timer
1458385219251	addons.manager	DEBUG	Starting provider: PreviousExperimentProvider
1458385219251	addons.manager	DEBUG	Registering shutdown blocker for PreviousExperimentProvider
1458385219252	addons.manager	DEBUG	Provider finished startup: PreviousExperimentProvider
1458385219269	DeferredSave.extensions.json	DEBUG	Write succeeded
1458385219270	addons.xpi-utils	DEBUG	XPI Database saved, setting schema version preference to 17
1458385219276	DeferredSave.addons.json	DEBUG	Starting write
1458385219300	DeferredSave.addons.json	DEBUG	Write succeeded

Build info: version: '2.50.1', revision: 'd7fc91b29de65b790abb01f3ac5f7ea2191c88a7', time: '2016-01-29 11:11:26'
System info: host: 'QSIH-00493', ip: '172.70.139.202', os.name: 'Windows 7', os.arch: 'amd64', os.version: '6.1', java.version: '1.8.0_65'
Driver info: driver.version: FirefoxDriver
	at org.openqa.selenium.firefox.internal.NewProfileExtensionConnection.start(NewProfileExtensionConnection.java:135)
	at org.openqa.selenium.firefox.FirefoxDriver.startClient(FirefoxDriver.java:271)
	at org.openqa.selenium.remote.RemoteWebDriver.<init>(RemoteWebDriver.java:119)
	at org.openqa.selenium.firefox.FirefoxDriver.<init>(FirefoxDriver.java:216)
	at org.openqa.selenium.firefox.FirefoxDriver.<init>(FirefoxDriver.java:211)
	at org.openqa.selenium.firefox.FirefoxDriver.<init>(FirefoxDriver.java:207)
	at org.openqa.selenium.firefox.FirefoxDriver.<init>(FirefoxDriver.java:120)
	at com.pp.util.BaseTestObject.setup(BaseTestObject.java:91)
	at sun.reflect.NativeMethodAccessorImpl.invoke0(Native Method)
	at sun.reflect.NativeMethodAccessorImpl.invoke(NativeMethodAccessorImpl.java:62)
	at sun.reflect.DelegatingMethodAccessorImpl.invoke(DelegatingMethodAccessorImpl.java:43)
	at java.lang.reflect.Method.invoke(Method.java:497)
	at org.testng.internal.MethodInvocationHelper.invokeMethod(MethodInvocationHelper.java:85)
	at org.testng.internal.Invoker.invokeConfigurationMethod(Invoker.java:517)
	at org.testng.internal.Invoker.invokeConfigurations(Invoker.java:213)
	at org.testng.internal.Invoker.invokeConfigurations(Invoker.java:140)
	at org.testng.internal.TestMethodWorker.invokeBeforeClassMethods(TestMethodWorker.java:170)
	at org.testng.internal.TestMethodWorker.run(TestMethodWorker.java:104)
	at org.testng.TestRunner.privateRun(TestRunner.java:771)
	at org.testng.TestRunner.run(TestRunner.java:621)
	at org.testng.SuiteRunner.runTest(SuiteRunner.java:357)
	at org.testng.SuiteRunner.runSequentially(SuiteRunner.java:352)
	at org.testng.SuiteRunner.privateRun(SuiteRunner.java:310)
	at org.testng.SuiteRunner.run(SuiteRunner.java:259)
	at org.testng.SuiteRunnerWorker.runSuite(SuiteRunnerWorker.java:52)
	at org.testng.SuiteRunnerWorker.run(SuiteRunnerWorker.java:86)
	at org.testng.TestNG.runSuitesSequentially(TestNG.java:1199)
	at org.testng.TestNG.runSuitesLocally(TestNG.java:1124)
	at org.testng.TestNG.run(TestNG.java:1032)
	at org.testng.remote.RemoteTestNG.run(RemoteTestNG.java:111)
	at org.testng.remote.RemoteTestNG.initAndRun(RemoteTestNG.java:204)
	at org.testng.remote.RemoteTestNG.main(RemoteTestNG.java:175)
Caused by: org.openqa.selenium.firefox.NotConnectedException: Unable to connect to host 127.0.0.1 on port 7055 after 45000 ms. Firefox console output:
8597	addons.xpi	DEBUG	getModTime: Recursive scan of {972ce4c6-7e08-4474-a285-3208198ce6fd}
1458385218597	addons.xpi	DEBUG	Updating XPIState for {"id":"adapter@gingersoftware.com","syncGUID":"oWMpr-PcJzdZ","location":"winreg-app-global","version":"0.1","type":"extension","internalName":null,"updateURL":"","updateKey":null,"optionsURL":null,"optionsType":null,"aboutURL":"chrome://ginger/content/about.xul","icons":{},"iconURL":"chrome://ginger/skin/gingers.png","icon64URL":null,"defaultLocale":{"name":"Ginger","description":"","creator":"Ginger Software","homepageURL":"http://www.gingersoftware.com","contributors":[""]},"visible":true,"active":false,"userDisabled":true,"appDisabled":false,"descriptor":"C:\\Program Files (x86)\\Ginger\\Mozilla\\adapter@gingersoftware.com","installDate":1439370523321,"updateDate":1439370523321,"applyBackgroundUpdates":1,"bootstrap":false,"skinnable":false,"size":66671,"sourceURI":null,"releaseNotesURI":null,"softDisabled":false,"foreignInstall":true,"hasBinaryComponents":false,"strictCompatibility":false,"locales":[],"targetApplications":[{"id":"{ec8030f7-c20a-464f-9b0e-13a3a9e97384}","minVersion":"0.7","maxVersion":"9.9"}],"targetPlatforms":[],"multiprocessCompatible":false,"signedState":0,"seen":true}
1458385218598	DeferredSave.extensions.json	DEBUG	Save changes
1458385218598	addons.xpi	DEBUG	Updating database with changes to installed add-ons
1458385218598	addons.xpi-utils	DEBUG	Updating add-on states
1458385218598	addons.xpi-utils	DEBUG	Writing add-ons list
1458385218601	addons.xpi	DEBUG	Registering manifest for C:\Program Files (x86)\Mozilla Firefox\browser\features\loop@mozilla.org.xpi
1458385218601	addons.xpi	DEBUG	Calling bootstrap method startup on loop@mozilla.org version 0.1
1458385218613	addons.manager	DEBUG	Starting provider: <unnamed-provider>
1458385218613	addons.manager	DEBUG	Registering shutdown blocker for <unnamed-provider>
1458385218613	addons.manager	DEBUG	Provider finished startup: <unnamed-provider>
1458385218626	addons.manager	DEBUG	Registering shutdown blocker for XPIProvider
1458385218626	addons.manager	DEBUG	Provider finished startup: XPIProvider
1458385218626	addons.manager	DEBUG	Starting provider: LightweightThemeManager
1458385218626	addons.manager	DEBUG	Registering shutdown blocker for LightweightThemeManager
1458385218626	addons.manager	DEBUG	Provider finished startup: LightweightThemeManager
1458385218626	addons.manager	DEBUG	Starting provider: GMPProvider
1458385218631	addons.manager	DEBUG	Registering shutdown blocker for GMPProvider
1458385218631	addons.manager	DEBUG	Provider finished startup: GMPProvider
1458385218631	addons.manager	DEBUG	Starting provider: PluginProvider
1458385218631	addons.manager	DEBUG	Registering shutdown blocker for PluginProvider
1458385218631	addons.manager	DEBUG	Provider finished startup: PluginProvider
1458385218631	addons.manager	DEBUG	Completed startup sequence
Crash Annotation GraphicsCriticalError: |[0][GFX1-]: PossiblyBrokenSurfaceSharing_UnexpectedAMDGPU[GFX1-]: PossiblyBrokenSurfaceSharing_UnexpectedAMDGPU
Crash Annotation GraphicsCriticalError: |[0][GFX1-]: PossiblyBrokenSurfaceSharing_UnexpectedAMDGPU|[1][GFX1-]: PossiblyBrokenSurfaceSharing_UnexpectedAMDGPU[GFX1-]: PossiblyBrokenSurfaceSharing_UnexpectedAMDGPU
1458385218999	DeferredSave.extensions.json	DEBUG	Starting write
1458385219221	addons.repository	DEBUG	No addons.json found.
1458385219221	DeferredSave.addons.json	DEBUG	Save changes
1458385219222	DeferredSave.addons.json	DEBUG	Starting timer
1458385219251	addons.manager	DEBUG	Starting provider: PreviousExperimentProvider
1458385219251	addons.manager	DEBUG	Registering shutdown blocker for PreviousExperimentProvider
1458385219252	addons.manager	DEBUG	Provider finished startup: PreviousExperimentProvider
1458385219269	DeferredSave.extensions.json	DEBUG	Write succeeded
1458385219270	addons.xpi-utils	DEBUG	XPI Database saved, setting schema version preference to 17
1458385219276	DeferredSave.addons.json	DEBUG	Starting write
1458385219300	DeferredSave.addons.json	DEBUG	Write succeeded

	at org.openqa.selenium.firefox.internal.NewProfileExtensionConnection.start(NewProfileExtensionConnection.java:123)
	... 31 more
]]>
    </error>
  </testcase> <!-- clickOnLoginWithValidCredentials -->
  <testcase name="clickOnLoginWithInvalidUsernameAndPassword" time="0.000" classname="com.pp.tests.LoginPageTest">
    <error type="org.openqa.selenium.WebDriverException" message="Failed to connect to binary FirefoxBinary(C:\Program Files (x86)\Mozilla Firefox\firefox.exe) on port 7055; process output follows: 
8597	addons.xpi	DEBUG	getModTime: Recursive scan of {972ce4c6-7e08-4474-a285-3208198ce6fd}
1458385218597	addons.xpi	DEBUG	Updating XPIState for {&quot;id&quot;:&quot;adapter@gingersoftware.com&quot;,&quot;syncGUID&quot;:&quot;oWMpr-PcJzdZ&quot;,&quot;location&quot;:&quot;winreg-app-global&quot;,&quot;version&quot;:&quot;0.1&quot;,&quot;type&quot;:&quot;extension&quot;,&quot;internalName&quot;:null,&quot;updateURL&quot;:&quot;&quot;,&quot;updateKey&quot;:null,&quot;optionsURL&quot;:null,&quot;optionsType&quot;:null,&quot;aboutURL&quot;:&quot;chrome://ginger/content/about.xul&quot;,&quot;icons&quot;:{},&quot;iconURL&quot;:&quot;chrome://ginger/skin/gingers.png&quot;,&quot;icon64URL&quot;:null,&quot;defaultLocale&quot;:{&quot;name&quot;:&quot;Ginger&quot;,&quot;description&quot;:&quot;&quot;,&quot;creator&quot;:&quot;Ginger Software&quot;,&quot;homepageURL&quot;:&quot;http://www.gingersoftware.com&quot;,&quot;contributors&quot;:[&quot;&quot;]},&quot;visible&quot;:true,&quot;active&quot;:false,&quot;userDisabled&quot;:true,&quot;appDisabled&quot;:false,&quot;descriptor&quot;:&quot;C:\\Program Files (x86)\\Ginger\\Mozilla\\adapter@gingersoftware.com&quot;,&quot;installDate&quot;:1439370523321,&quot;updateDate&quot;:1439370523321,&quot;applyBackgroundUpdates&quot;:1,&quot;bootstrap&quot;:false,&quot;skinnable&quot;:false,&quot;size&quot;:66671,&quot;sourceURI&quot;:null,&quot;releaseNotesURI&quot;:null,&quot;softDisabled&quot;:false,&quot;foreignInstall&quot;:true,&quot;hasBinaryComponents&quot;:false,&quot;strictCompatibility&quot;:false,&quot;locales&quot;:[],&quot;targetApplications&quot;:[{&quot;id&quot;:&quot;{ec8030f7-c20a-464f-9b0e-13a3a9e97384}&quot;,&quot;minVersion&quot;:&quot;0.7&quot;,&quot;maxVersion&quot;:&quot;9.9&quot;}],&quot;targetPlatforms&quot;:[],&quot;multiprocessCompatible&quot;:false,&quot;signedState&quot;:0,&quot;seen&quot;:true}
1458385218598	DeferredSave.extensions.json	DEBUG	Save changes
1458385218598	addons.xpi	DEBUG	Updating database with changes to installed add-ons
1458385218598	addons.xpi-utils	DEBUG	Updating add-on states
1458385218598	addons.xpi-utils	DEBUG	Writing add-ons list
1458385218601	addons.xpi	DEBUG	Registering manifest for C:\Program Files (x86)\Mozilla Firefox\browser\features\loop@mozilla.org.xpi
1458385218601	addons.xpi	DEBUG	Calling bootstrap method startup on loop@mozilla.org version 0.1
1458385218613	addons.manager	DEBUG	Starting provider: &lt;unnamed-provider&gt;
1458385218613	addons.manager	DEBUG	Registering shutdown blocker for &lt;unnamed-provider&gt;
1458385218613	addons.manager	DEBUG	Provider finished startup: &lt;unnamed-provider&gt;
1458385218626	addons.manager	DEBUG	Registering shutdown blocker for XPIProvider
1458385218626	addons.manager	DEBUG	Provider finished startup: XPIProvider
1458385218626	addons.manager	DEBUG	Starting provider: LightweightThemeManager
1458385218626	addons.manager	DEBUG	Registering shutdown blocker for LightweightThemeManager
1458385218626	addons.manager	DEBUG	Provider finished startup: LightweightThemeManager
1458385218626	addons.manager	DEBUG	Starting provider: GMPProvider
1458385218631	addons.manager	DEBUG	Registering shutdown blocker for GMPProvider
1458385218631	addons.manager	DEBUG	Provider finished startup: GMPProvider
1458385218631	addons.manager	DEBUG	Starting provider: PluginProvider
1458385218631	addons.manager	DEBUG	Registering shutdown blocker for PluginProvider
1458385218631	addons.manager	DEBUG	Provider finished startup: PluginProvider
1458385218631	addons.manager	DEBUG	Completed startup sequence
Crash Annotation GraphicsCriticalError: |[0][GFX1-]: PossiblyBrokenSurfaceSharing_UnexpectedAMDGPU[GFX1-]: PossiblyBrokenSurfaceSharing_UnexpectedAMDGPU
Crash Annotation GraphicsCriticalError: |[0][GFX1-]: PossiblyBrokenSurfaceSharing_UnexpectedAMDGPU|[1][GFX1-]: PossiblyBrokenSurfaceSharing_UnexpectedAMDGPU[GFX1-]: PossiblyBrokenSurfaceSharing_UnexpectedAMDGPU
1458385218999	DeferredSave.extensions.json	DEBUG	Starting write
1458385219221	addons.repository	DEBUG	No addons.json found.
1458385219221	DeferredSave.addons.json	DEBUG	Save changes
1458385219222	DeferredSave.addons.json	DEBUG	Starting timer
1458385219251	addons.manager	DEBUG	Starting provider: PreviousExperimentProvider
1458385219251	addons.manager	DEBUG	Registering shutdown blocker for PreviousExperimentProvider
1458385219252	addons.manager	DEBUG	Provider finished startup: PreviousExperimentProvider
1458385219269	DeferredSave.extensions.json	DEBUG	Write succeeded
1458385219270	addons.xpi-utils	DEBUG	XPI Database saved, setting schema version preference to 17
1458385219276	DeferredSave.addons.json	DEBUG	Starting write
1458385219300	DeferredSave.addons.json	DEBUG	Write succeeded

Build info: version: &#039;2.50.1&#039;, revision: &#039;d7fc91b29de65b790abb01f3ac5f7ea2191c88a7&#039;, time: &#039;2016-01-29 11:11:26&#039;
System info: host: &#039;QSIH-00493&#039;, ip: &#039;172.70.139.202&#039;, os.name: &#039;Windows 7&#039;, os.arch: &#039;amd64&#039;, os.version: &#039;6.1&#039;, java.version: &#039;1.8.0_65&#039;
Driver info: driver.version: FirefoxDriver">
      <![CDATA[org.openqa.selenium.WebDriverException: Failed to connect to binary FirefoxBinary(C:\Program Files (x86)\Mozilla Firefox\firefox.exe) on port 7055; process output follows: 
8597	addons.xpi	DEBUG	getModTime: Recursive scan of {972ce4c6-7e08-4474-a285-3208198ce6fd}
1458385218597	addons.xpi	DEBUG	Updating XPIState for {"id":"adapter@gingersoftware.com","syncGUID":"oWMpr-PcJzdZ","location":"winreg-app-global","version":"0.1","type":"extension","internalName":null,"updateURL":"","updateKey":null,"optionsURL":null,"optionsType":null,"aboutURL":"chrome://ginger/content/about.xul","icons":{},"iconURL":"chrome://ginger/skin/gingers.png","icon64URL":null,"defaultLocale":{"name":"Ginger","description":"","creator":"Ginger Software","homepageURL":"http://www.gingersoftware.com","contributors":[""]},"visible":true,"active":false,"userDisabled":true,"appDisabled":false,"descriptor":"C:\\Program Files (x86)\\Ginger\\Mozilla\\adapter@gingersoftware.com","installDate":1439370523321,"updateDate":1439370523321,"applyBackgroundUpdates":1,"bootstrap":false,"skinnable":false,"size":66671,"sourceURI":null,"releaseNotesURI":null,"softDisabled":false,"foreignInstall":true,"hasBinaryComponents":false,"strictCompatibility":false,"locales":[],"targetApplications":[{"id":"{ec8030f7-c20a-464f-9b0e-13a3a9e97384}","minVersion":"0.7","maxVersion":"9.9"}],"targetPlatforms":[],"multiprocessCompatible":false,"signedState":0,"seen":true}
1458385218598	DeferredSave.extensions.json	DEBUG	Save changes
1458385218598	addons.xpi	DEBUG	Updating database with changes to installed add-ons
1458385218598	addons.xpi-utils	DEBUG	Updating add-on states
1458385218598	addons.xpi-utils	DEBUG	Writing add-ons list
1458385218601	addons.xpi	DEBUG	Registering manifest for C:\Program Files (x86)\Mozilla Firefox\browser\features\loop@mozilla.org.xpi
1458385218601	addons.xpi	DEBUG	Calling bootstrap method startup on loop@mozilla.org version 0.1
1458385218613	addons.manager	DEBUG	Starting provider: <unnamed-provider>
1458385218613	addons.manager	DEBUG	Registering shutdown blocker for <unnamed-provider>
1458385218613	addons.manager	DEBUG	Provider finished startup: <unnamed-provider>
1458385218626	addons.manager	DEBUG	Registering shutdown blocker for XPIProvider
1458385218626	addons.manager	DEBUG	Provider finished startup: XPIProvider
1458385218626	addons.manager	DEBUG	Starting provider: LightweightThemeManager
1458385218626	addons.manager	DEBUG	Registering shutdown blocker for LightweightThemeManager
1458385218626	addons.manager	DEBUG	Provider finished startup: LightweightThemeManager
1458385218626	addons.manager	DEBUG	Starting provider: GMPProvider
1458385218631	addons.manager	DEBUG	Registering shutdown blocker for GMPProvider
1458385218631	addons.manager	DEBUG	Provider finished startup: GMPProvider
1458385218631	addons.manager	DEBUG	Starting provider: PluginProvider
1458385218631	addons.manager	DEBUG	Registering shutdown blocker for PluginProvider
1458385218631	addons.manager	DEBUG	Provider finished startup: PluginProvider
1458385218631	addons.manager	DEBUG	Completed startup sequence
Crash Annotation GraphicsCriticalError: |[0][GFX1-]: PossiblyBrokenSurfaceSharing_UnexpectedAMDGPU[GFX1-]: PossiblyBrokenSurfaceSharing_UnexpectedAMDGPU
Crash Annotation GraphicsCriticalError: |[0][GFX1-]: PossiblyBrokenSurfaceSharing_UnexpectedAMDGPU|[1][GFX1-]: PossiblyBrokenSurfaceSharing_UnexpectedAMDGPU[GFX1-]: PossiblyBrokenSurfaceSharing_UnexpectedAMDGPU
1458385218999	DeferredSave.extensions.json	DEBUG	Starting write
1458385219221	addons.repository	DEBUG	No addons.json found.
1458385219221	DeferredSave.addons.json	DEBUG	Save changes
1458385219222	DeferredSave.addons.json	DEBUG	Starting timer
1458385219251	addons.manager	DEBUG	Starting provider: PreviousExperimentProvider
1458385219251	addons.manager	DEBUG	Registering shutdown blocker for PreviousExperimentProvider
1458385219252	addons.manager	DEBUG	Provider finished startup: PreviousExperimentProvider
1458385219269	DeferredSave.extensions.json	DEBUG	Write succeeded
1458385219270	addons.xpi-utils	DEBUG	XPI Database saved, setting schema version preference to 17
1458385219276	DeferredSave.addons.json	DEBUG	Starting write
1458385219300	DeferredSave.addons.json	DEBUG	Write succeeded

Build info: version: '2.50.1', revision: 'd7fc91b29de65b790abb01f3ac5f7ea2191c88a7', time: '2016-01-29 11:11:26'
System info: host: 'QSIH-00493', ip: '172.70.139.202', os.name: 'Windows 7', os.arch: 'amd64', os.version: '6.1', java.version: '1.8.0_65'
Driver info: driver.version: FirefoxDriver
	at org.openqa.selenium.firefox.internal.NewProfileExtensionConnection.start(NewProfileExtensionConnection.java:135)
	at org.openqa.selenium.firefox.FirefoxDriver.startClient(FirefoxDriver.java:271)
	at org.openqa.selenium.remote.RemoteWebDriver.<init>(RemoteWebDriver.java:119)
	at org.openqa.selenium.firefox.FirefoxDriver.<init>(FirefoxDriver.java:216)
	at org.openqa.selenium.firefox.FirefoxDriver.<init>(FirefoxDriver.java:211)
	at org.openqa.selenium.firefox.FirefoxDriver.<init>(FirefoxDriver.java:207)
	at org.openqa.selenium.firefox.FirefoxDriver.<init>(FirefoxDriver.java:120)
	at com.pp.util.BaseTestObject.setup(BaseTestObject.java:91)
	at sun.reflect.NativeMethodAccessorImpl.invoke0(Native Method)
	at sun.reflect.NativeMethodAccessorImpl.invoke(NativeMethodAccessorImpl.java:62)
	at sun.reflect.DelegatingMethodAccessorImpl.invoke(DelegatingMethodAccessorImpl.java:43)
	at java.lang.reflect.Method.invoke(Method.java:497)
	at org.testng.internal.MethodInvocationHelper.invokeMethod(MethodInvocationHelper.java:85)
	at org.testng.internal.Invoker.invokeConfigurationMethod(Invoker.java:517)
	at org.testng.internal.Invoker.invokeConfigurations(Invoker.java:213)
	at org.testng.internal.Invoker.invokeConfigurations(Invoker.java:140)
	at org.testng.internal.TestMethodWorker.invokeBeforeClassMethods(TestMethodWorker.java:170)
	at org.testng.internal.TestMethodWorker.run(TestMethodWorker.java:104)
	at org.testng.TestRunner.privateRun(TestRunner.java:771)
	at org.testng.TestRunner.run(TestRunner.java:621)
	at org.testng.SuiteRunner.runTest(SuiteRunner.java:357)
	at org.testng.SuiteRunner.runSequentially(SuiteRunner.java:352)
	at org.testng.SuiteRunner.privateRun(SuiteRunner.java:310)
	at org.testng.SuiteRunner.run(SuiteRunner.java:259)
	at org.testng.SuiteRunnerWorker.runSuite(SuiteRunnerWorker.java:52)
	at org.testng.SuiteRunnerWorker.run(SuiteRunnerWorker.java:86)
	at org.testng.TestNG.runSuitesSequentially(TestNG.java:1199)
	at org.testng.TestNG.runSuitesLocally(TestNG.java:1124)
	at org.testng.TestNG.run(TestNG.java:1032)
	at org.testng.remote.RemoteTestNG.run(RemoteTestNG.java:111)
	at org.testng.remote.RemoteTestNG.initAndRun(RemoteTestNG.java:204)
	at org.testng.remote.RemoteTestNG.main(RemoteTestNG.java:175)
Caused by: org.openqa.selenium.firefox.NotConnectedException: Unable to connect to host 127.0.0.1 on port 7055 after 45000 ms. Firefox console output:
8597	addons.xpi	DEBUG	getModTime: Recursive scan of {972ce4c6-7e08-4474-a285-3208198ce6fd}
1458385218597	addons.xpi	DEBUG	Updating XPIState for {"id":"adapter@gingersoftware.com","syncGUID":"oWMpr-PcJzdZ","location":"winreg-app-global","version":"0.1","type":"extension","internalName":null,"updateURL":"","updateKey":null,"optionsURL":null,"optionsType":null,"aboutURL":"chrome://ginger/content/about.xul","icons":{},"iconURL":"chrome://ginger/skin/gingers.png","icon64URL":null,"defaultLocale":{"name":"Ginger","description":"","creator":"Ginger Software","homepageURL":"http://www.gingersoftware.com","contributors":[""]},"visible":true,"active":false,"userDisabled":true,"appDisabled":false,"descriptor":"C:\\Program Files (x86)\\Ginger\\Mozilla\\adapter@gingersoftware.com","installDate":1439370523321,"updateDate":1439370523321,"applyBackgroundUpdates":1,"bootstrap":false,"skinnable":false,"size":66671,"sourceURI":null,"releaseNotesURI":null,"softDisabled":false,"foreignInstall":true,"hasBinaryComponents":false,"strictCompatibility":false,"locales":[],"targetApplications":[{"id":"{ec8030f7-c20a-464f-9b0e-13a3a9e97384}","minVersion":"0.7","maxVersion":"9.9"}],"targetPlatforms":[],"multiprocessCompatible":false,"signedState":0,"seen":true}
1458385218598	DeferredSave.extensions.json	DEBUG	Save changes
1458385218598	addons.xpi	DEBUG	Updating database with changes to installed add-ons
1458385218598	addons.xpi-utils	DEBUG	Updating add-on states
1458385218598	addons.xpi-utils	DEBUG	Writing add-ons list
1458385218601	addons.xpi	DEBUG	Registering manifest for C:\Program Files (x86)\Mozilla Firefox\browser\features\loop@mozilla.org.xpi
1458385218601	addons.xpi	DEBUG	Calling bootstrap method startup on loop@mozilla.org version 0.1
1458385218613	addons.manager	DEBUG	Starting provider: <unnamed-provider>
1458385218613	addons.manager	DEBUG	Registering shutdown blocker for <unnamed-provider>
1458385218613	addons.manager	DEBUG	Provider finished startup: <unnamed-provider>
1458385218626	addons.manager	DEBUG	Registering shutdown blocker for XPIProvider
1458385218626	addons.manager	DEBUG	Provider finished startup: XPIProvider
1458385218626	addons.manager	DEBUG	Starting provider: LightweightThemeManager
1458385218626	addons.manager	DEBUG	Registering shutdown blocker for LightweightThemeManager
1458385218626	addons.manager	DEBUG	Provider finished startup: LightweightThemeManager
1458385218626	addons.manager	DEBUG	Starting provider: GMPProvider
1458385218631	addons.manager	DEBUG	Registering shutdown blocker for GMPProvider
1458385218631	addons.manager	DEBUG	Provider finished startup: GMPProvider
1458385218631	addons.manager	DEBUG	Starting provider: PluginProvider
1458385218631	addons.manager	DEBUG	Registering shutdown blocker for PluginProvider
1458385218631	addons.manager	DEBUG	Provider finished startup: PluginProvider
1458385218631	addons.manager	DEBUG	Completed startup sequence
Crash Annotation GraphicsCriticalError: |[0][GFX1-]: PossiblyBrokenSurfaceSharing_UnexpectedAMDGPU[GFX1-]: PossiblyBrokenSurfaceSharing_UnexpectedAMDGPU
Crash Annotation GraphicsCriticalError: |[0][GFX1-]: PossiblyBrokenSurfaceSharing_UnexpectedAMDGPU|[1][GFX1-]: PossiblyBrokenSurfaceSharing_UnexpectedAMDGPU[GFX1-]: PossiblyBrokenSurfaceSharing_UnexpectedAMDGPU
1458385218999	DeferredSave.extensions.json	DEBUG	Starting write
1458385219221	addons.repository	DEBUG	No addons.json found.
1458385219221	DeferredSave.addons.json	DEBUG	Save changes
1458385219222	DeferredSave.addons.json	DEBUG	Starting timer
1458385219251	addons.manager	DEBUG	Starting provider: PreviousExperimentProvider
1458385219251	addons.manager	DEBUG	Registering shutdown blocker for PreviousExperimentProvider
1458385219252	addons.manager	DEBUG	Provider finished startup: PreviousExperimentProvider
1458385219269	DeferredSave.extensions.json	DEBUG	Write succeeded
1458385219270	addons.xpi-utils	DEBUG	XPI Database saved, setting schema version preference to 17
1458385219276	DeferredSave.addons.json	DEBUG	Starting write
1458385219300	DeferredSave.addons.json	DEBUG	Write succeeded

	at org.openqa.selenium.firefox.internal.NewProfileExtensionConnection.start(NewProfileExtensionConnection.java:123)
	... 31 more
]]>
    </error>
  </testcase> <!-- clickOnLoginWithInvalidUsernameAndPassword -->
</testsuite> <!-- com.pp.tests.LoginPageTest -->
