<?xml version="1.0" encoding="UTF-8"?>
<!-- Generated by org.testng.reporters.JUnitReportReporter -->
<testsuite hostname="QSIH-00493" name="com.pp.tests.GenericAppointmentRequestTest" tests="1" failures="0" timestamp="6 May 2016 10:19:07 GMT" time="44.410" errors="0">
  <testcase name="LoginAndRequestForAppointment" time="44.410" classname="com.pp.tests.GenericAppointmentRequestTest"/>
</testsuite> <!-- com.pp.tests.GenericAppointmentRequestTest -->
