<?xml version="1.0" encoding="UTF-8"?>
<!-- Generated by org.testng.reporters.JUnitReportReporter -->
<testsuite hostname="QSIH-00493" name="com.pp.tests.LoginPageTest" tests="2" failures="0" timestamp="14 Jan 2016 17:31:34 GMT" time="48.299" errors="0">
  <testcase name="verifyMailMenuOptions" time="24.832" classname="com.pp.tests.LoginPageTest"/>
  <testcase name="verifyMailMenuSentItems" time="23.467" classname="com.pp.tests.LoginPageTest"/>
</testsuite> <!-- com.pp.tests.LoginPageTest -->
