<?xml version="1.0" encoding="UTF-8"?>
<!-- Generated by org.testng.reporters.JUnitReportReporter -->
<testsuite hostname="QSIH-00493" name="com.pp.tests.LoginPageTest" tests="5" failures="0" timestamp="4 May 2016 09:43:48 GMT" time="88.541" errors="0">
  <testcase name="clickOnLoginWithValidCredentials" time="58.616" classname="com.pp.tests.LoginPageTest"/>
  <testcase name="clickOnNeedHelpWithyourUsernamePassLink" time="11.140" classname="com.pp.tests.LoginPageTest"/>
  <testcase name="clickOnLoginWithInvalidUsernameAndPassword" time="8.624" classname="com.pp.tests.LoginPageTest"/>
  <testcase name="verifyAllReadyMembersElements" time="0.073" classname="com.pp.tests.LoginPageTest"/>
  <testcase name="verifyIamNewHereTestCase" time="10.088" classname="com.pp.tests.LoginPageTest"/>
</testsuite> <!-- com.pp.tests.LoginPageTest -->
