<?xml version="1.0" encoding="UTF-8"?>
<!-- Generated by org.testng.reporters.JUnitReportReporter -->
<testsuite hostname="QSIH-00493" name="com.pp.tests.EnrollPageTest" tests="2" failures="0" timestamp="16 Mar 2016 04:40:45 GMT" time="16.300" errors="0">
  <testcase name="VerifyEnrollmentToken" time="5.851" classname="com.pp.tests.EnrollPageTest"/>
  <testcase name="verifyEnrollPageElements" time="10.449" classname="com.pp.tests.EnrollPageTest"/>
</testsuite> <!-- com.pp.tests.EnrollPageTest -->
