<?xml version="1.0" encoding="UTF-8"?>
<!-- Generated by org.testng.reporters.JUnitReportReporter -->
<testsuite hostname="QSIH-00493" name="com.pp.tests.ComposeMessageTest" tests="1" failures="0" timestamp="16 May 2016 07:51:58 GMT" time="39.870" errors="0">
  <testcase name="LoginAndClickonComposeMessage" time="39.870" classname="com.pp.tests.ComposeMessageTest"/>
</testsuite> <!-- com.pp.tests.ComposeMessageTest -->
