<?xml version="1.0" encoding="UTF-8"?>
<!-- Generated by org.testng.reporters.JUnitReportReporter -->
<testsuite hostname="QSIH-00493" name="com.pp.tests.AccountSummaryTest" tests="6" failures="0" timestamp="16 May 2016 07:51:58 GMT" time="210.525" errors="0">
  <testcase name="CheckwithViewProfileAndGettheSlots" time="27.373" classname="com.pp.tests.AccountSummaryTest"/>
  <testcase name="verifyMailMenuOptions" time="42.410" classname="com.pp.tests.AccountSummaryTest"/>
  <testcase name="verifyMailMenuComposeMessage" time="47.359" classname="com.pp.tests.AccountSummaryTest"/>
  <testcase name="CheckwithViewProfile" time="20.047" classname="com.pp.tests.AccountSummaryTest"/>
  <testcase name="verifyMailMenuSentItems" time="39.019" classname="com.pp.tests.AccountSummaryTest"/>
  <testcase name="verifyScheduleMenu" time="34.317" classname="com.pp.tests.AccountSummaryTest"/>
</testsuite> <!-- com.pp.tests.AccountSummaryTest -->
