<?xml version="1.0" encoding="UTF-8"?>
<!-- Generated by org.testng.reporters.JUnitReportReporter -->
<testsuite hostname="QSIH-00493" name="com.pp.tests.LoginPageTest" tests="5" failures="0" timestamp="16 May 2016 07:51:58 GMT" time="37.344" errors="0">
  <testcase name="clickOnLoginWithValidCredentials" time="21.668" classname="com.pp.tests.LoginPageTest"/>
  <testcase name="verifyAllReadyMembersElements" time="0.061" classname="com.pp.tests.LoginPageTest"/>
  <testcase name="clickOnLoginWithInvalidUsernameAndPassword" time="8.239" classname="com.pp.tests.LoginPageTest"/>
  <testcase name="verifyIamNewHereTestCase" time="3.746" classname="com.pp.tests.LoginPageTest"/>
  <testcase name="clickOnNeedHelpWithyourUsernamePassLink" time="3.630" classname="com.pp.tests.LoginPageTest"/>
</testsuite> <!-- com.pp.tests.LoginPageTest -->
