<?xml version="1.0" encoding="UTF-8"?>
<!-- Generated by org.testng.reporters.JUnitReportReporter -->
<testsuite hostname="QSIH-00493" name="com.pp.tests.LoginPageTest" tests="5" failures="0" timestamp="21 Jan 2016 01:40:25 GMT" time="30.620" errors="0">
  <testcase name="clickOnNeedHelpWithyourUsernamePassLink" time="3.305" classname="com.pp.tests.LoginPageTest"/>
  <testcase name="clickOnLoginWithValidCredentials" time="13.614" classname="com.pp.tests.LoginPageTest"/>
  <testcase name="verifyIamNewHereTestCase" time="3.737" classname="com.pp.tests.LoginPageTest"/>
  <testcase name="clickOnLoginWithInvalidUsernameAndPassword" time="9.916" classname="com.pp.tests.LoginPageTest"/>
  <testcase name="verifyAllReadyMembersElements" time="0.048" classname="com.pp.tests.LoginPageTest"/>
</testsuite> <!-- com.pp.tests.LoginPageTest -->
